[INFO] 20:36:16:416 CONSOLA/(5665:5665): Instruccion numero 0: I 9000 -1
[INFO] 20:36:16:416 CONSOLA/(5665:5665): Instruccion numero 1: I 9000 -1
[INFO] 20:36:16:416 CONSOLA/(5665:5665): Instruccion numero 2: I 9000 -1
[INFO] 20:36:16:417 CONSOLA/(5665:5665): Instruccion numero 3: N -1 -1
[INFO] 20:36:16:417 CONSOLA/(5665:5665): Instruccion numero 4: N -1 -1
[INFO] 20:36:16:417 CONSOLA/(5665:5665): Instruccion numero 5: W 4 42
[INFO] 20:36:16:417 CONSOLA/(5665:5665): Instruccion numero 6: C 0 4
[INFO] 20:36:16:417 CONSOLA/(5665:5665): Instruccion numero 7: R 0 -1
[INFO] 20:36:16:417 CONSOLA/(5665:5665): Instruccion numero 8: E -1 -1
[INFO] 20:36:16:417 CONSOLA/(5665:5665): Cliente conectado en 127.0.0.1:8000 (a KERNEL)
[INFO] 20:36:16:417 CONSOLA/(5665:5665): Programa enviado al kernel correctamente!
[INFO] 20:36:53:427 CONSOLA/(5665:5665): El proceso se finalizó exitosamente :)
[INFO] 20:38:53:445 CONSOLA/(5751:5751): Instruccion numero 0: I 9000 -1
[INFO] 20:38:53:445 CONSOLA/(5751:5751): Instruccion numero 1: I 9000 -1
[INFO] 20:38:53:445 CONSOLA/(5751:5751): Instruccion numero 2: I 9000 -1
[INFO] 20:38:53:445 CONSOLA/(5751:5751): Instruccion numero 3: N -1 -1
[INFO] 20:38:53:445 CONSOLA/(5751:5751): Instruccion numero 4: N -1 -1
[INFO] 20:38:53:445 CONSOLA/(5751:5751): Instruccion numero 5: W 4 42
[INFO] 20:38:53:445 CONSOLA/(5751:5751): Instruccion numero 6: C 0 4
[INFO] 20:38:53:445 CONSOLA/(5751:5751): Instruccion numero 7: R 0 -1
[INFO] 20:38:53:445 CONSOLA/(5751:5751): Instruccion numero 8: E -1 -1
[INFO] 20:38:53:446 CONSOLA/(5751:5751): Cliente conectado en 127.0.0.1:8000 (a KERNEL)
[INFO] 20:38:53:446 CONSOLA/(5751:5751): Programa enviado al kernel correctamente!
[INFO] 20:39:30:455 CONSOLA/(5751:5751): El proceso se finalizó exitosamente :)
[INFO] 21:10:28:657 CONSOLA/(6615:6615): Instruccion numero 0: I 9000 -1
[INFO] 21:10:28:657 CONSOLA/(6615:6615): Instruccion numero 1: I 9000 -1
[INFO] 21:10:28:657 CONSOLA/(6615:6615): Instruccion numero 2: I 9000 -1
[INFO] 21:10:28:657 CONSOLA/(6615:6615): Instruccion numero 3: N -1 -1
[INFO] 21:10:28:657 CONSOLA/(6615:6615): Instruccion numero 4: N -1 -1
[INFO] 21:10:28:657 CONSOLA/(6615:6615): Instruccion numero 5: W 4 42
[INFO] 21:10:28:657 CONSOLA/(6615:6615): Instruccion numero 6: C 0 4
[INFO] 21:10:28:657 CONSOLA/(6615:6615): Instruccion numero 7: R 0 -1
[INFO] 21:10:28:657 CONSOLA/(6615:6615): Instruccion numero 8: E -1 -1
[INFO] 21:10:28:658 CONSOLA/(6615:6615): Cliente conectado en 127.0.0.1:8000 (a KERNEL)
[INFO] 21:10:28:658 CONSOLA/(6615:6615): Programa enviado al kernel correctamente!
[INFO] 23:55:56:283 CONSOLA/(3694:3694): Instruccion numero 0: I 9000 -1
[INFO] 23:55:56:293 CONSOLA/(3694:3694): Instruccion numero 1: I 9000 -1
[INFO] 23:55:56:294 CONSOLA/(3694:3694): Instruccion numero 2: I 9000 -1
[INFO] 23:55:56:294 CONSOLA/(3694:3694): Instruccion numero 3: N -1 -1
[INFO] 23:55:56:294 CONSOLA/(3694:3694): Instruccion numero 4: N -1 -1
[INFO] 23:55:56:294 CONSOLA/(3694:3694): Instruccion numero 5: W 4 42
[INFO] 23:55:56:295 CONSOLA/(3694:3694): Instruccion numero 6: C 0 4
[INFO] 23:55:56:295 CONSOLA/(3694:3694): Instruccion numero 7: R 0 -1
[INFO] 23:55:56:295 CONSOLA/(3694:3694): Instruccion numero 8: E -1 -1
[INFO] 23:55:56:296 CONSOLA/(3694:3694): Cliente conectado en 127.0.0.1:8000 (a KERNEL)
[INFO] 23:55:56:297 CONSOLA/(3694:3694): Programa enviado al kernel correctamente!
[INFO] 23:55:59:619 CONSOLA/(3706:3706): Instruccion numero 0: I 9000 -1
[INFO] 23:55:59:619 CONSOLA/(3706:3706): Instruccion numero 1: I 9000 -1
[INFO] 23:55:59:619 CONSOLA/(3706:3706): Instruccion numero 2: I 9000 -1
[INFO] 23:55:59:619 CONSOLA/(3706:3706): Instruccion numero 3: N -1 -1
[INFO] 23:55:59:619 CONSOLA/(3706:3706): Instruccion numero 4: N -1 -1
[INFO] 23:55:59:619 CONSOLA/(3706:3706): Instruccion numero 5: W 4 42
[INFO] 23:55:59:619 CONSOLA/(3706:3706): Instruccion numero 6: C 0 4
[INFO] 23:55:59:619 CONSOLA/(3706:3706): Instruccion numero 7: R 0 -1
[INFO] 23:55:59:620 CONSOLA/(3706:3706): Instruccion numero 8: E -1 -1
[INFO] 23:55:59:620 CONSOLA/(3706:3706): Cliente conectado en 127.0.0.1:8000 (a KERNEL)
[INFO] 23:55:59:620 CONSOLA/(3706:3706): Programa enviado al kernel correctamente!
[INFO] 23:56:00:637 CONSOLA/(3720:3720): Instruccion numero 0: I 9000 -1
[INFO] 23:56:00:637 CONSOLA/(3720:3720): Instruccion numero 1: I 9000 -1
[INFO] 23:56:00:637 CONSOLA/(3720:3720): Instruccion numero 2: I 9000 -1
[INFO] 23:56:00:637 CONSOLA/(3720:3720): Instruccion numero 3: N -1 -1
[INFO] 23:56:00:637 CONSOLA/(3720:3720): Instruccion numero 4: N -1 -1
[INFO] 23:56:00:642 CONSOLA/(3720:3720): Instruccion numero 5: W 4 42
[INFO] 23:56:00:642 CONSOLA/(3720:3720): Instruccion numero 6: C 0 4
[INFO] 23:56:00:643 CONSOLA/(3720:3720): Instruccion numero 7: R 0 -1
[INFO] 23:56:00:643 CONSOLA/(3720:3720): Instruccion numero 8: E -1 -1
[INFO] 23:56:00:643 CONSOLA/(3720:3720): Cliente conectado en 127.0.0.1:8000 (a KERNEL)
[INFO] 23:56:00:643 CONSOLA/(3720:3720): Programa enviado al kernel correctamente!
[INFO] 23:56:42:328 CONSOLA/(3706:3706): El proceso se finalizó exitosamente :)
[INFO] 23:58:05:773 CONSOLA/(3720:3720): El proceso se finalizó exitosamente :)
[INFO] 23:58:05:773 CONSOLA/(3694:3694): El proceso se finalizó exitosamente :)
[INFO] 23:59:19:158 CONSOLA/(3836:3836): Instruccion numero 0: I 9000 -1
[INFO] 23:59:19:159 CONSOLA/(3836:3836): Instruccion numero 1: I 9000 -1
[INFO] 23:59:19:159 CONSOLA/(3836:3836): Instruccion numero 2: I 9000 -1
[INFO] 23:59:19:159 CONSOLA/(3836:3836): Instruccion numero 3: N -1 -1
[INFO] 23:59:19:159 CONSOLA/(3836:3836): Instruccion numero 4: N -1 -1
[INFO] 23:59:19:159 CONSOLA/(3836:3836): Instruccion numero 5: W 4 42
[INFO] 23:59:19:160 CONSOLA/(3836:3836): Instruccion numero 6: C 0 4
[INFO] 23:59:19:160 CONSOLA/(3836:3836): Instruccion numero 7: R 0 -1
[INFO] 23:59:19:162 CONSOLA/(3836:3836): Instruccion numero 8: E -1 -1
[INFO] 23:59:19:163 CONSOLA/(3836:3836): Cliente conectado en 127.0.0.1:8000 (a KERNEL)
[INFO] 23:59:19:163 CONSOLA/(3836:3836): Programa enviado al kernel correctamente!
[INFO] 23:59:23:707 CONSOLA/(3853:3853): Instruccion numero 0: I 9000 -1
[INFO] 23:59:23:707 CONSOLA/(3853:3853): Instruccion numero 1: I 9000 -1
[INFO] 23:59:23:707 CONSOLA/(3853:3853): Instruccion numero 2: I 9000 -1
[INFO] 23:59:23:707 CONSOLA/(3853:3853): Instruccion numero 3: N -1 -1
[INFO] 23:59:23:707 CONSOLA/(3853:3853): Instruccion numero 4: N -1 -1
[INFO] 23:59:23:707 CONSOLA/(3853:3853): Instruccion numero 5: W 4 42
[INFO] 23:59:23:707 CONSOLA/(3853:3853): Instruccion numero 6: C 0 4
[INFO] 23:59:23:708 CONSOLA/(3853:3853): Instruccion numero 7: R 0 -1
[INFO] 23:59:23:708 CONSOLA/(3853:3853): Instruccion numero 8: E -1 -1
[INFO] 23:59:23:708 CONSOLA/(3853:3853): Cliente conectado en 127.0.0.1:8000 (a KERNEL)
[INFO] 23:59:23:708 CONSOLA/(3853:3853): Programa enviado al kernel correctamente!
[INFO] 00:00:05:176 CONSOLA/(3853:3853): El proceso se finalizó exitosamente :)
[INFO] 00:00:39:914 CONSOLA/(3836:3836): El proceso se finalizó exitosamente :)
