[INFO] 23:29:22:225 memoria/(7638:7638): Algoritmo CLOCK-M configurado
[INFO] 23:29:22:238 memoria/(7638:7638): Escuchando en 127.0.0.1:8002 (MEMORIA)
[INFO] 23:29:22:238 memoria/(7638:7638): MEMORIA listo para recibir al cliente
[INFO] 23:29:23:148 memoria/(7638:7638): Cliente conectado (a MEMORIA)
[INFO] 23:29:23:148 memoria/(7638:7638): Enviando a CPU: tam_pagina=256 - cant_ent_paginas=4
[INFO] 23:29:23:148 memoria/(7638:7638): MEMORIA listo para recibir al cliente
[INFO] 23:29:24:235 memoria/(7638:7638): Cliente conectado (a MEMORIA)
[INFO] 23:29:28:926 memoria/(7638:7658): [KERNEL] Creando tabla para programa 1 de tamanio 2048
[INFO] 23:29:28:927 memoria/(7638:7658): Archivo /home/utnso/swap/1.swap creado.
[INFO] 23:29:28:928 memoria/(7638:7658): [CPU] Creada estructura clock del proceso: 1
[INFO] 23:29:28:928 memoria/(7638:7658): [KERNEL] Tabla creada: Número 0
[INFO] 23:29:29:934 memoria/(7638:7659): [CPU] Procesando solicitud de nro tabla de 2do nivel...
[INFO] 23:29:29:934 memoria/(7638:7659): [CPU] Tabla : 0 - Index: 0 - PID: 1 - Resultado: 0
[INFO] 23:29:30:400 memoria/(7638:7658): [KERNEL] Creando tabla para programa 2 de tamanio 2048
[INFO] 23:29:30:400 memoria/(7638:7658): Archivo /home/utnso/swap/2.swap creado.
[INFO] 23:29:30:400 memoria/(7638:7658): [CPU] Creada estructura clock del proceso: 2
[INFO] 23:29:30:401 memoria/(7638:7658): [KERNEL] Tabla creada: Número 1
[INFO] 23:29:30:435 memoria/(7638:7659): [CPU] Procesando solicitud de nro marco...
[INFO] 23:29:30:435 memoria/(7638:7659): [CPU] PAGE FAULT!!!
[INFO] 23:29:31:435 memoria/(7638:7659): [CPU] El proceso tiene marcos disponibles :)
[INFO] 23:29:31:435 memoria/(7638:7659): [CPU] Numero de marco obtenido = 0
[INFO] 23:29:31:452 memoria/(7638:7658): [KERNEL] Creando tabla para programa 3 de tamanio 2048
[INFO] 23:29:31:452 memoria/(7638:7658): Archivo /home/utnso/swap/3.swap creado.
[INFO] 23:29:31:453 memoria/(7638:7658): [CPU] Creada estructura clock del proceso: 3
[INFO] 23:29:31:453 memoria/(7638:7658): [KERNEL] Tabla creada: Número 2
[INFO] 23:29:31:936 memoria/(7638:7659): [CPU] Procesando escritura...
[INFO] 23:29:31:936 memoria/(7638:7659): [CPU] Dato escrito: '1' (nro_marco = 0, desplazamiento = 0)
[INFO] 23:29:32:639 memoria/(7638:7659): [CPU] Procesando solicitud de nro tabla de 2do nivel...
[INFO] 23:29:32:639 memoria/(7638:7659): [CPU] Tabla : 0 - Index: 0 - PID: 1 - Resultado: 0
[INFO] 23:29:32:672 memoria/(7638:7658): [KERNEL] Creando tabla para programa 4 de tamanio 2048
[INFO] 23:29:32:672 memoria/(7638:7658): Archivo /home/utnso/swap/4.swap creado.
[INFO] 23:29:32:673 memoria/(7638:7658): [CPU] Creada estructura clock del proceso: 4
[INFO] 23:29:32:673 memoria/(7638:7658): [KERNEL] Tabla creada: Número 3
[INFO] 23:29:33:140 memoria/(7638:7659): [CPU] Procesando solicitud de nro marco...
[INFO] 23:29:33:140 memoria/(7638:7659): [CPU] Pagina en memoria principal!
[INFO] 23:29:33:140 memoria/(7638:7659): [CPU] Numero de marco obtenido = 0
[INFO] 23:29:33:641 memoria/(7638:7659): [CPU] Procesando escritura...
[INFO] 23:29:33:641 memoria/(7638:7659): [CPU] Dato escrito: '2' (nro_marco = 0, desplazamiento = 4)
[INFO] 23:29:33:708 memoria/(7638:7658): [KERNEL] Creando tabla para programa 5 de tamanio 2048
[INFO] 23:29:33:709 memoria/(7638:7658): Archivo /home/utnso/swap/5.swap creado.
[INFO] 23:29:33:709 memoria/(7638:7658): [CPU] Creada estructura clock del proceso: 5
[INFO] 23:29:33:709 memoria/(7638:7658): [KERNEL] Tabla creada: Número 4
[INFO] 23:29:34:346 memoria/(7638:7659): [CPU] Procesando solicitud de nro tabla de 2do nivel...
[INFO] 23:29:34:346 memoria/(7638:7659): [CPU] Tabla : 0 - Index: 0 - PID: 1 - Resultado: 0
[INFO] 23:29:34:847 memoria/(7638:7659): [CPU] Procesando solicitud de nro marco...
[INFO] 23:29:34:847 memoria/(7638:7659): [CPU] Pagina en memoria principal!
[INFO] 23:29:34:847 memoria/(7638:7659): [CPU] Numero de marco obtenido = 0
[INFO] 23:29:35:348 memoria/(7638:7659): [CPU] Procesando escritura...
[INFO] 23:29:35:348 memoria/(7638:7659): [CPU] Dato escrito: '3' (nro_marco = 0, desplazamiento = 8)
[INFO] 23:29:36:051 memoria/(7638:7659): [CPU] Procesando escritura...
[INFO] 23:29:36:051 memoria/(7638:7659): [CPU] Dato escrito: '4' (nro_marco = 0, desplazamiento = 12)
[INFO] 23:29:36:753 memoria/(7638:7659): [CPU] Procesando escritura...
[INFO] 23:29:36:754 memoria/(7638:7659): [CPU] Dato escrito: '5' (nro_marco = 0, desplazamiento = 16)
[INFO] 23:29:37:456 memoria/(7638:7659): [CPU] Procesando solicitud de nro tabla de 2do nivel...
[INFO] 23:29:37:456 memoria/(7638:7659): [CPU] Tabla : 0 - Index: 0 - PID: 1 - Resultado: 0
[INFO] 23:29:37:956 memoria/(7638:7659): [CPU] Procesando solicitud de nro marco...
[INFO] 23:29:37:956 memoria/(7638:7659): [CPU] PAGE FAULT!!!
[INFO] 23:29:38:957 memoria/(7638:7659): [CPU] El proceso tiene marcos disponibles :)
[INFO] 23:29:38:958 memoria/(7638:7659): [CPU] Numero de marco obtenido = 1
[INFO] 23:29:39:458 memoria/(7638:7659): [CPU] Procesando escritura...
[INFO] 23:29:39:458 memoria/(7638:7659): [CPU] Dato escrito: '11' (nro_marco = 1, desplazamiento = 0)
[INFO] 23:29:40:161 memoria/(7638:7659): [CPU] Procesando escritura...
[INFO] 23:29:40:161 memoria/(7638:7659): [CPU] Dato escrito: '12' (nro_marco = 1, desplazamiento = 4)
[INFO] 23:29:40:866 memoria/(7638:7659): [CPU] Procesando escritura...
[INFO] 23:29:40:866 memoria/(7638:7659): [CPU] Dato escrito: '13' (nro_marco = 1, desplazamiento = 8)
[INFO] 23:29:41:569 memoria/(7638:7659): [CPU] Procesando escritura...
[INFO] 23:29:41:569 memoria/(7638:7659): [CPU] Dato escrito: '14' (nro_marco = 1, desplazamiento = 12)
[INFO] 23:29:42:274 memoria/(7638:7659): [CPU] Procesando escritura...
[INFO] 23:29:42:274 memoria/(7638:7659): [CPU] Dato escrito: '15' (nro_marco = 1, desplazamiento = 16)
[INFO] 23:29:42:976 memoria/(7638:7659): [CPU] Procesando solicitud de nro tabla de 2do nivel...
[INFO] 23:29:42:977 memoria/(7638:7659): [CPU] Tabla : 0 - Index: 0 - PID: 1 - Resultado: 0
[INFO] 23:29:43:478 memoria/(7638:7659): [CPU] Procesando solicitud de nro marco...
[INFO] 23:29:43:478 memoria/(7638:7659): [CPU] PAGE FAULT!!!
[INFO] 23:29:44:478 memoria/(7638:7659): [CPU] El proceso tiene marcos disponibles :)
[INFO] 23:29:44:478 memoria/(7638:7659): [CPU] Numero de marco obtenido = 2
[INFO] 23:29:44:979 memoria/(7638:7659): [CPU] Procesando escritura...
[INFO] 23:29:44:979 memoria/(7638:7659): [CPU] Dato escrito: '21' (nro_marco = 2, desplazamiento = 0)
[INFO] 23:29:45:683 memoria/(7638:7659): [CPU] Procesando escritura...
[INFO] 23:29:45:684 memoria/(7638:7659): [CPU] Dato escrito: '22' (nro_marco = 2, desplazamiento = 4)
[INFO] 23:29:46:385 memoria/(7638:7659): [CPU] Procesando escritura...
[INFO] 23:29:46:385 memoria/(7638:7659): [CPU] Dato escrito: '23' (nro_marco = 2, desplazamiento = 8)
[INFO] 23:29:47:090 memoria/(7638:7659): [CPU] Procesando escritura...
[INFO] 23:29:47:090 memoria/(7638:7659): [CPU] Dato escrito: '24' (nro_marco = 2, desplazamiento = 12)
[INFO] 23:29:47:792 memoria/(7638:7659): [CPU] Procesando escritura...
[INFO] 23:29:47:794 memoria/(7638:7659): [CPU] Dato escrito: '25' (nro_marco = 2, desplazamiento = 16)
[INFO] 23:29:50:317 memoria/(7638:7659): [CPU] Procesando solicitud de nro tabla de 2do nivel...
[INFO] 23:29:50:318 memoria/(7638:7659): [CPU] Tabla : 1 - Index: 0 - PID: 2 - Resultado: 2
[INFO] 23:29:50:352 memoria/(7638:7658): [KERNEL] Suspendiendo proceso 1 (tabla_paginas = 0)
[INFO] 23:29:50:818 memoria/(7638:7659): [CPU] Procesando solicitud de nro marco...
[INFO] 23:29:50:818 memoria/(7638:7659): [CPU] PAGE FAULT!!!
[INFO] 23:29:51:819 memoria/(7638:7659): [CPU] El proceso tiene marcos disponibles :)
[INFO] 23:29:51:819 memoria/(7638:7659): [CPU] Numero de marco obtenido = 0
[INFO] 23:29:52:320 memoria/(7638:7659): [CPU] Procesando escritura...
[INFO] 23:29:52:320 memoria/(7638:7659): [CPU] Dato escrito: '1' (nro_marco = 0, desplazamiento = 0)
[INFO] 23:29:53:324 memoria/(7638:7659): [CPU] Procesando solicitud de nro tabla de 2do nivel...
[INFO] 23:29:53:325 memoria/(7638:7659): [CPU] Tabla : 1 - Index: 0 - PID: 2 - Resultado: 2
[INFO] 23:29:53:825 memoria/(7638:7659): [CPU] Procesando solicitud de nro marco...
[INFO] 23:29:53:825 memoria/(7638:7659): [CPU] PAGE FAULT!!!
[INFO] 23:29:54:826 memoria/(7638:7659): [CPU] El proceso tiene marcos disponibles :)
[INFO] 23:29:54:827 memoria/(7638:7659): [CPU] Numero de marco obtenido = 1
[INFO] 23:29:55:327 memoria/(7638:7659): [CPU] Procesando escritura...
[INFO] 23:29:55:327 memoria/(7638:7659): [CPU] Dato escrito: '11' (nro_marco = 1, desplazamiento = 0)
[INFO] 23:29:56:836 memoria/(7638:7659): [CPU] Procesando solicitud de nro tabla de 2do nivel...
[INFO] 23:29:56:836 memoria/(7638:7659): [CPU] Tabla : 0 - Index: 0 - PID: 1 - Resultado: 0
[INFO] 23:29:57:338 memoria/(7638:7659): [CPU] Procesando solicitud de nro marco...
[INFO] 23:29:57:338 memoria/(7638:7659): [CPU] PAGE FAULT!!!
[INFO] 23:29:58:339 memoria/(7638:7659): [CPU] El proceso tiene marcos disponibles :)
[INFO] 23:29:58:340 memoria/(7638:7659): [CPU] Numero de marco obtenido = 2
[INFO] 23:29:58:840 memoria/(7638:7659): [CPU] Procesando lectura...
[INFO] 23:29:58:840 memoria/(7638:7659): [CPU] Dato '1' leido en marco 2
[INFO] 23:29:59:543 memoria/(7638:7659): [CPU] Procesando lectura...
[INFO] 23:29:59:543 memoria/(7638:7659): [CPU] Dato '2' leido en marco 2
[INFO] 23:30:00:251 memoria/(7638:7659): [CPU] Procesando lectura...
[INFO] 23:30:00:251 memoria/(7638:7659): [CPU] Dato '3' leido en marco 2
[INFO] 23:30:00:956 memoria/(7638:7659): [CPU] Procesando lectura...
[INFO] 23:30:00:956 memoria/(7638:7659): [CPU] Dato '4' leido en marco 2
[INFO] 23:30:01:661 memoria/(7638:7659): [CPU] Procesando lectura...
[INFO] 23:30:01:661 memoria/(7638:7659): [CPU] Dato '5' leido en marco 2
[INFO] 23:30:02:364 memoria/(7638:7659): [CPU] Procesando solicitud de nro tabla de 2do nivel...
[INFO] 23:30:02:364 memoria/(7638:7659): [CPU] Tabla : 0 - Index: 0 - PID: 1 - Resultado: 0
[INFO] 23:30:02:865 memoria/(7638:7659): [CPU] Procesando solicitud de nro marco...
[INFO] 23:30:02:865 memoria/(7638:7659): [CPU] PAGE FAULT!!!
[INFO] 23:30:03:865 memoria/(7638:7659): [CPU] El proceso tiene marcos disponibles :)
[INFO] 23:30:03:867 memoria/(7638:7659): [CPU] Numero de marco obtenido = 3
[INFO] 23:30:04:368 memoria/(7638:7659): [CPU] Procesando lectura...
[INFO] 23:30:04:368 memoria/(7638:7659): [CPU] Dato '11' leido en marco 3
[INFO] 23:30:05:072 memoria/(7638:7659): [CPU] Procesando lectura...
[INFO] 23:30:05:072 memoria/(7638:7659): [CPU] Dato '12' leido en marco 3
[INFO] 23:30:05:775 memoria/(7638:7659): [CPU] Procesando lectura...
[INFO] 23:30:05:775 memoria/(7638:7659): [CPU] Dato '13' leido en marco 3
[INFO] 23:30:06:478 memoria/(7638:7659): [CPU] Procesando lectura...
[INFO] 23:30:06:478 memoria/(7638:7659): [CPU] Dato '14' leido en marco 3
[INFO] 23:30:07:184 memoria/(7638:7659): [CPU] Procesando lectura...
[INFO] 23:30:07:184 memoria/(7638:7659): [CPU] Dato '15' leido en marco 3
[INFO] 23:30:07:886 memoria/(7638:7659): [CPU] Procesando solicitud de nro tabla de 2do nivel...
[INFO] 23:30:07:886 memoria/(7638:7659): [CPU] Tabla : 0 - Index: 0 - PID: 1 - Resultado: 0
[INFO] 23:30:08:387 memoria/(7638:7659): [CPU] Procesando solicitud de nro marco...
[INFO] 23:30:08:387 memoria/(7638:7659): [CPU] PAGE FAULT!!!
[INFO] 23:30:09:387 memoria/(7638:7659): [CPU] El proceso tiene marcos disponibles :)
[INFO] 23:30:09:388 memoria/(7638:7659): [CPU] Numero de marco obtenido = 4
[INFO] 23:30:09:889 memoria/(7638:7659): [CPU] Procesando lectura...
[INFO] 23:30:09:889 memoria/(7638:7659): [CPU] Dato '21' leido en marco 4
[INFO] 23:30:10:592 memoria/(7638:7659): [CPU] Procesando lectura...
[INFO] 23:30:10:592 memoria/(7638:7659): [CPU] Dato '22' leido en marco 4
[INFO] 23:30:11:296 memoria/(7638:7659): [CPU] Procesando lectura...
[INFO] 23:30:11:296 memoria/(7638:7659): [CPU] Dato '23' leido en marco 4
[INFO] 23:30:11:998 memoria/(7638:7659): [CPU] Procesando lectura...
[INFO] 23:30:11:998 memoria/(7638:7659): [CPU] Dato '24' leido en marco 4
[INFO] 23:30:12:701 memoria/(7638:7659): [CPU] Procesando lectura...
[INFO] 23:30:12:701 memoria/(7638:7659): [CPU] Dato '25' leido en marco 4
[INFO] 23:30:14:211 memoria/(7638:7658): [KERNEL] Eliminando tablas del proceso 1
[INFO] 23:30:14:212 memoria/(7638:7658): Archivo /home/utnso/swap/1.swap eliminado.
[INFO] 23:30:14:718 memoria/(7638:7659): [CPU] Procesando solicitud de nro tabla de 2do nivel...
[INFO] 23:30:14:719 memoria/(7638:7659): [CPU] Tabla : 1 - Index: 0 - PID: 2 - Resultado: 2
[INFO] 23:30:15:219 memoria/(7638:7659): [CPU] Procesando solicitud de nro marco...
[INFO] 23:30:15:219 memoria/(7638:7659): [CPU] PAGE FAULT!!!
[INFO] 23:30:16:220 memoria/(7638:7659): [CPU] El proceso tiene marcos disponibles :)
[INFO] 23:30:16:220 memoria/(7638:7659): [CPU] Numero de marco obtenido = 2
[INFO] 23:30:16:721 memoria/(7638:7659): [CPU] Procesando escritura...
[INFO] 23:30:16:721 memoria/(7638:7659): [CPU] Dato escrito: '21' (nro_marco = 2, desplazamiento = 0)
[INFO] 23:30:17:731 memoria/(7638:7659): [CPU] Procesando solicitud de nro tabla de 2do nivel...
[INFO] 23:30:17:731 memoria/(7638:7659): [CPU] Tabla : 1 - Index: 0 - PID: 2 - Resultado: 2
[INFO] 23:30:18:231 memoria/(7638:7659): [CPU] Procesando solicitud de nro marco...
[INFO] 23:30:18:232 memoria/(7638:7659): [CPU] PAGE FAULT!!!
[INFO] 23:30:19:232 memoria/(7638:7659): [CPU] El proceso tiene marcos disponibles :)
[INFO] 23:30:19:232 memoria/(7638:7659): [CPU] Numero de marco obtenido = 3
[INFO] 23:30:19:733 memoria/(7638:7659): [CPU] Procesando escritura...
[INFO] 23:30:19:733 memoria/(7638:7659): [CPU] Dato escrito: '31' (nro_marco = 3, desplazamiento = 0)
[INFO] 23:30:20:737 memoria/(7638:7659): [CPU] Procesando solicitud de nro tabla de 2do nivel...
[INFO] 23:30:20:737 memoria/(7638:7659): [CPU] Tabla : 1 - Index: 1 - PID: 2 - Resultado: 3
[INFO] 23:30:21:238 memoria/(7638:7659): [CPU] Procesando solicitud de nro marco...
[INFO] 23:30:21:238 memoria/(7638:7659): [CPU] PAGE FAULT!!!
[INFO] 23:30:22:239 memoria/(7638:7659): [CPU] Reemplazo por CLOCK-M
[INFO] 23:30:22:239 memoria/(7638:7659): [CPU] Pagina victima elegida: 0
[INFO] 23:30:22:239 memoria/(7638:7659): [CPU] Actualizando pagina victima en swap (bit de modificado = 1)
[INFO] 23:30:23:239 memoria/(7638:7659): [CPU] Numero de marco obtenido = 0
[INFO] 23:30:23:740 memoria/(7638:7659): [CPU] Procesando escritura...
[INFO] 23:30:23:740 memoria/(7638:7659): [CPU] Dato escrito: '41' (nro_marco = 0, desplazamiento = 0)
[INFO] 23:30:26:259 memoria/(7638:7659): [CPU] Procesando solicitud de nro tabla de 2do nivel...
[INFO] 23:30:26:259 memoria/(7638:7659): [CPU] Tabla : 2 - Index: 0 - PID: 3 - Resultado: 4
[INFO] 23:30:26:264 memoria/(7638:7658): [KERNEL] Suspendiendo proceso 2 (tabla_paginas = 1)
[INFO] 23:30:26:760 memoria/(7638:7659): [CPU] Procesando solicitud de nro marco...
[INFO] 23:30:26:760 memoria/(7638:7659): [CPU] PAGE FAULT!!!
[INFO] 23:30:27:760 memoria/(7638:7659): [CPU] El proceso tiene marcos disponibles :)
[INFO] 23:30:27:761 memoria/(7638:7659): [CPU] Numero de marco obtenido = 0
[INFO] 23:30:28:261 memoria/(7638:7659): [CPU] Procesando escritura...
[INFO] 23:30:28:261 memoria/(7638:7659): [CPU] Dato escrito: '1' (nro_marco = 0, desplazamiento = 0)
[INFO] 23:30:28:762 memoria/(7638:7659): [CPU] Procesando escritura...
[INFO] 23:30:28:762 memoria/(7638:7659): [CPU] Dato escrito: '2' (nro_marco = 0, desplazamiento = 4)
[INFO] 23:30:29:263 memoria/(7638:7659): [CPU] Procesando solicitud de nro tabla de 2do nivel...
[INFO] 23:30:29:263 memoria/(7638:7659): [CPU] Tabla : 2 - Index: 0 - PID: 3 - Resultado: 4
[INFO] 23:30:29:764 memoria/(7638:7659): [CPU] Procesando solicitud de nro marco...
[INFO] 23:30:29:764 memoria/(7638:7659): [CPU] PAGE FAULT!!!
[INFO] 23:30:30:764 memoria/(7638:7659): [CPU] El proceso tiene marcos disponibles :)
[INFO] 23:30:30:764 memoria/(7638:7659): [CPU] Numero de marco obtenido = 1
[INFO] 23:30:31:266 memoria/(7638:7659): [CPU] Procesando escritura...
[INFO] 23:30:31:266 memoria/(7638:7659): [CPU] Dato escrito: '11' (nro_marco = 1, desplazamiento = 0)
[INFO] 23:30:32:776 memoria/(7638:7659): [CPU] Procesando solicitud de nro tabla de 2do nivel...
[INFO] 23:30:32:777 memoria/(7638:7659): [CPU] Tabla : 1 - Index: 1 - PID: 2 - Resultado: 3
[INFO] 23:30:33:277 memoria/(7638:7659): [CPU] Procesando solicitud de nro marco...
[INFO] 23:30:33:277 memoria/(7638:7659): [CPU] PAGE FAULT!!!
[INFO] 23:30:34:278 memoria/(7638:7659): [CPU] El proceso tiene marcos disponibles :)
[INFO] 23:30:34:278 memoria/(7638:7659): [CPU] Numero de marco obtenido = 2
[INFO] 23:30:34:779 memoria/(7638:7659): [CPU] Procesando lectura...
[INFO] 23:30:34:779 memoria/(7638:7659): [CPU] Dato '41' leido en marco 2
[INFO] 23:30:35:787 memoria/(7638:7659): [CPU] Procesando solicitud de nro tabla de 2do nivel...
[INFO] 23:30:35:787 memoria/(7638:7659): [CPU] Tabla : 1 - Index: 0 - PID: 2 - Resultado: 2
[INFO] 23:30:36:287 memoria/(7638:7659): [CPU] Procesando solicitud de nro marco...
[INFO] 23:30:36:287 memoria/(7638:7659): [CPU] PAGE FAULT!!!
[INFO] 23:30:37:288 memoria/(7638:7659): [CPU] El proceso tiene marcos disponibles :)
[INFO] 23:30:37:288 memoria/(7638:7659): [CPU] Numero de marco obtenido = 3
[INFO] 23:30:37:789 memoria/(7638:7659): [CPU] Procesando lectura...
[INFO] 23:30:37:789 memoria/(7638:7659): [CPU] Dato '31' leido en marco 3
[INFO] 23:30:38:796 memoria/(7638:7659): [CPU] Procesando solicitud de nro tabla de 2do nivel...
[INFO] 23:30:38:796 memoria/(7638:7659): [CPU] Tabla : 1 - Index: 0 - PID: 2 - Resultado: 2
[INFO] 23:30:39:297 memoria/(7638:7659): [CPU] Procesando solicitud de nro marco...
[INFO] 23:30:39:297 memoria/(7638:7659): [CPU] PAGE FAULT!!!
[INFO] 23:30:40:297 memoria/(7638:7659): [CPU] El proceso tiene marcos disponibles :)
[INFO] 23:30:40:298 memoria/(7638:7659): [CPU] Numero de marco obtenido = 4
[INFO] 23:30:40:798 memoria/(7638:7659): [CPU] Procesando lectura...
[INFO] 23:30:40:798 memoria/(7638:7659): [CPU] Dato '21' leido en marco 4
[INFO] 23:30:41:803 memoria/(7638:7659): [CPU] Procesando solicitud de nro tabla de 2do nivel...
[INFO] 23:30:41:803 memoria/(7638:7659): [CPU] Tabla : 1 - Index: 0 - PID: 2 - Resultado: 2
[INFO] 23:30:42:303 memoria/(7638:7659): [CPU] Procesando solicitud de nro marco...
[INFO] 23:30:42:303 memoria/(7638:7659): [CPU] PAGE FAULT!!!
[INFO] 23:30:43:304 memoria/(7638:7659): [CPU] El proceso tiene marcos disponibles :)
[INFO] 23:30:43:305 memoria/(7638:7659): [CPU] Numero de marco obtenido = 5
[INFO] 23:30:43:806 memoria/(7638:7659): [CPU] Procesando lectura...
[INFO] 23:30:43:806 memoria/(7638:7659): [CPU] Dato '11' leido en marco 5
[INFO] 23:30:44:809 memoria/(7638:7659): [CPU] Procesando solicitud de nro tabla de 2do nivel...
[INFO] 23:30:44:809 memoria/(7638:7659): [CPU] Tabla : 1 - Index: 0 - PID: 2 - Resultado: 2
[INFO] 23:30:45:310 memoria/(7638:7659): [CPU] Procesando solicitud de nro marco...
[INFO] 23:30:45:310 memoria/(7638:7659): [CPU] PAGE FAULT!!!
[INFO] 23:30:46:312 memoria/(7638:7659): [CPU] Reemplazo por CLOCK-M
[INFO] 23:30:46:312 memoria/(7638:7659): [CPU] Pagina victima elegida: 4
[INFO] 23:30:46:312 memoria/(7638:7659): [CPU] Posición final puntero: 1
[INFO] 23:30:46:312 memoria/(7638:7659): [CPU] Numero de marco obtenido = 2
[INFO] 23:30:46:813 memoria/(7638:7659): [CPU] Procesando lectura...
[INFO] 23:30:46:814 memoria/(7638:7659): [CPU] Dato '1' leido en marco 2
[INFO] 23:30:47:824 memoria/(7638:7659): [CPU] Procesando solicitud de nro tabla de 2do nivel...
[INFO] 23:30:47:824 memoria/(7638:7659): [CPU] Tabla : 2 - Index: 0 - PID: 3 - Resultado: 4
[INFO] 23:30:48:324 memoria/(7638:7659): [CPU] Procesando solicitud de nro marco...
[INFO] 23:30:48:324 memoria/(7638:7659): [CPU] Pagina en memoria principal!
[INFO] 23:30:48:325 memoria/(7638:7659): [CPU] Numero de marco obtenido = 1
[INFO] 23:30:48:825 memoria/(7638:7659): [CPU] Procesando escritura...
[INFO] 23:30:48:825 memoria/(7638:7659): [CPU] Dato escrito: '12' (nro_marco = 1, desplazamiento = 4)
[INFO] 23:30:49:836 memoria/(7638:7659): [CPU] Procesando solicitud de nro tabla de 2do nivel...
[INFO] 23:30:49:836 memoria/(7638:7659): [CPU] Tabla : 2 - Index: 0 - PID: 3 - Resultado: 4
[INFO] 23:30:50:336 memoria/(7638:7659): [CPU] Procesando solicitud de nro marco...
[INFO] 23:30:50:337 memoria/(7638:7659): [CPU] PAGE FAULT!!!
[INFO] 23:30:51:337 memoria/(7638:7659): [CPU] El proceso tiene marcos disponibles :)
[INFO] 23:30:51:337 memoria/(7638:7659): [CPU] Numero de marco obtenido = 6
[INFO] 23:30:51:838 memoria/(7638:7659): [CPU] Procesando escritura...
[INFO] 23:30:51:838 memoria/(7638:7659): [CPU] Dato escrito: '21' (nro_marco = 6, desplazamiento = 0)
[INFO] 23:30:52:849 memoria/(7638:7659): [CPU] Procesando solicitud de nro tabla de 2do nivel...
[INFO] 23:30:52:849 memoria/(7638:7659): [CPU] Tabla : 2 - Index: 0 - PID: 3 - Resultado: 4
[INFO] 23:30:53:349 memoria/(7638:7659): [CPU] Procesando solicitud de nro marco...
[INFO] 23:30:53:350 memoria/(7638:7659): [CPU] Pagina en memoria principal!
[INFO] 23:30:53:350 memoria/(7638:7659): [CPU] Numero de marco obtenido = 6
[INFO] 23:30:53:850 memoria/(7638:7659): [CPU] Procesando escritura...
[INFO] 23:30:53:850 memoria/(7638:7659): [CPU] Dato escrito: '22' (nro_marco = 6, desplazamiento = 4)
[INFO] 23:30:54:867 memoria/(7638:7659): [CPU] Procesando solicitud de nro tabla de 2do nivel...
[INFO] 23:30:54:867 memoria/(7638:7659): [CPU] Tabla : 2 - Index: 0 - PID: 3 - Resultado: 4
[INFO] 23:30:55:368 memoria/(7638:7659): [CPU] Procesando solicitud de nro marco...
[INFO] 23:30:55:368 memoria/(7638:7659): [CPU] PAGE FAULT!!!
[INFO] 23:30:56:368 memoria/(7638:7659): [CPU] El proceso tiene marcos disponibles :)
[INFO] 23:30:56:369 memoria/(7638:7659): [CPU] Numero de marco obtenido = 7
[INFO] 23:30:56:869 memoria/(7638:7659): [CPU] Procesando escritura...
[INFO] 23:30:56:869 memoria/(7638:7659): [CPU] Dato escrito: '31' (nro_marco = 7, desplazamiento = 0)
[INFO] 23:30:57:877 memoria/(7638:7659): [CPU] Procesando solicitud de nro tabla de 2do nivel...
[INFO] 23:30:57:877 memoria/(7638:7659): [CPU] Tabla : 2 - Index: 0 - PID: 3 - Resultado: 4
[INFO] 23:30:58:377 memoria/(7638:7659): [CPU] Procesando solicitud de nro marco...
[INFO] 23:30:58:377 memoria/(7638:7659): [CPU] Pagina en memoria principal!
[INFO] 23:30:58:378 memoria/(7638:7659): [CPU] Numero de marco obtenido = 7
[INFO] 23:30:58:878 memoria/(7638:7659): [CPU] Procesando escritura...
[INFO] 23:30:58:878 memoria/(7638:7659): [CPU] Dato escrito: '32' (nro_marco = 7, desplazamiento = 4)
[INFO] 23:30:59:890 memoria/(7638:7659): [CPU] Procesando solicitud de nro tabla de 2do nivel...
[INFO] 23:30:59:890 memoria/(7638:7659): [CPU] Tabla : 2 - Index: 1 - PID: 3 - Resultado: 5
[INFO] 23:31:00:391 memoria/(7638:7659): [CPU] Procesando solicitud de nro marco...
[INFO] 23:31:00:391 memoria/(7638:7659): [CPU] PAGE FAULT!!!
[INFO] 23:31:01:392 memoria/(7638:7659): [CPU] Reemplazo por CLOCK-M
[INFO] 23:31:01:392 memoria/(7638:7659): [CPU] Pagina victima elegida: 0
[INFO] 23:31:01:392 memoria/(7638:7659): [CPU] Actualizando pagina victima en swap (bit de modificado = 1)
[INFO] 23:31:02:393 memoria/(7638:7659): [CPU] Numero de marco obtenido = 0
[INFO] 23:31:02:894 memoria/(7638:7659): [CPU] Procesando escritura...
[INFO] 23:31:02:894 memoria/(7638:7659): [CPU] Dato escrito: '41' (nro_marco = 0, desplazamiento = 0)
[INFO] 23:31:04:406 memoria/(7638:7658): [KERNEL] Eliminando tablas del proceso 2
[INFO] 23:31:04:407 memoria/(7638:7658): Archivo /home/utnso/swap/2.swap eliminado.
[INFO] 23:31:04:408 memoria/(7638:7659): [CPU] Procesando solicitud de nro tabla de 2do nivel...
[INFO] 23:31:04:408 memoria/(7638:7659): [CPU] Tabla : 2 - Index: 1 - PID: 3 - Resultado: 5
[INFO] 23:31:04:909 memoria/(7638:7659): [CPU] Procesando solicitud de nro marco...
[INFO] 23:31:04:909 memoria/(7638:7659): [CPU] Pagina en memoria principal!
[INFO] 23:31:04:909 memoria/(7638:7659): [CPU] Numero de marco obtenido = 0
[INFO] 23:31:05:409 memoria/(7638:7659): [CPU] Procesando escritura...
[INFO] 23:31:05:410 memoria/(7638:7659): [CPU] Dato escrito: '42' (nro_marco = 0, desplazamiento = 4)
[INFO] 23:31:05:910 memoria/(7638:7659): [CPU] Procesando solicitud de nro tabla de 2do nivel...
[INFO] 23:31:05:910 memoria/(7638:7659): [CPU] Tabla : 2 - Index: 1 - PID: 3 - Resultado: 5
[INFO] 23:31:06:411 memoria/(7638:7659): [CPU] Procesando solicitud de nro marco...
[INFO] 23:31:06:411 memoria/(7638:7659): [CPU] PAGE FAULT!!!
[INFO] 23:31:07:412 memoria/(7638:7659): [CPU] Reemplazo por CLOCK-M
[INFO] 23:31:07:412 memoria/(7638:7659): [CPU] Pagina victima elegida: 1
[INFO] 23:31:07:412 memoria/(7638:7659): [CPU] Actualizando pagina victima en swap (bit de modificado = 1)
[INFO] 23:31:08:412 memoria/(7638:7659): [CPU] Numero de marco obtenido = 1
[INFO] 23:31:08:913 memoria/(7638:7659): [CPU] Procesando escritura...
[INFO] 23:31:08:914 memoria/(7638:7659): [CPU] Dato escrito: '51' (nro_marco = 1, desplazamiento = 0)
[INFO] 23:31:09:414 memoria/(7638:7659): [CPU] Procesando escritura...
[INFO] 23:31:09:414 memoria/(7638:7659): [CPU] Dato escrito: '52' (nro_marco = 1, desplazamiento = 4)
[INFO] 23:31:10:921 memoria/(7638:7659): [CPU] Procesando solicitud de nro tabla de 2do nivel...
[INFO] 23:31:10:921 memoria/(7638:7659): [CPU] Tabla : 2 - Index: 0 - PID: 3 - Resultado: 4
[INFO] 23:31:11:422 memoria/(7638:7659): [CPU] Procesando solicitud de nro marco...
[INFO] 23:31:11:422 memoria/(7638:7659): [CPU] PAGE FAULT!!!
[INFO] 23:31:12:423 memoria/(7638:7659): [CPU] Reemplazo por CLOCK-M
[INFO] 23:31:12:423 memoria/(7638:7659): [CPU] Pagina victima elegida: 2
[INFO] 23:31:12:423 memoria/(7638:7659): [CPU] Actualizando pagina victima en swap (bit de modificado = 1)
[INFO] 23:31:13:423 memoria/(7638:7659): [CPU] Numero de marco obtenido = 6
[INFO] 23:31:13:924 memoria/(7638:7659): [CPU] Procesando lectura...
[INFO] 23:31:13:924 memoria/(7638:7659): [CPU] Dato '1' leido en marco 6
[INFO] 23:31:14:427 memoria/(7638:7659): [CPU] Procesando solicitud de nro tabla de 2do nivel...
[INFO] 23:31:14:427 memoria/(7638:7659): [CPU] Tabla : 2 - Index: 0 - PID: 3 - Resultado: 4
[INFO] 23:31:14:927 memoria/(7638:7659): [CPU] Procesando solicitud de nro marco...
[INFO] 23:31:14:927 memoria/(7638:7659): [CPU] PAGE FAULT!!!
[INFO] 23:31:15:928 memoria/(7638:7659): [CPU] Reemplazo por CLOCK-M
[INFO] 23:31:15:928 memoria/(7638:7659): [CPU] Pagina victima elegida: 3
[INFO] 23:31:15:928 memoria/(7638:7659): [CPU] Actualizando pagina victima en swap (bit de modificado = 1)
[INFO] 23:31:16:928 memoria/(7638:7659): [CPU] Numero de marco obtenido = 7
[INFO] 23:31:17:429 memoria/(7638:7659): [CPU] Procesando lectura...
[INFO] 23:31:17:429 memoria/(7638:7659): [CPU] Dato '11' leido en marco 7
[INFO] 23:31:17:931 memoria/(7638:7659): [CPU] Procesando solicitud de nro tabla de 2do nivel...
[INFO] 23:31:17:931 memoria/(7638:7659): [CPU] Tabla : 2 - Index: 0 - PID: 3 - Resultado: 4
[INFO] 23:31:18:432 memoria/(7638:7659): [CPU] Procesando solicitud de nro marco...
[INFO] 23:31:18:432 memoria/(7638:7659): [CPU] PAGE FAULT!!!
[INFO] 23:31:19:432 memoria/(7638:7659): [CPU] Reemplazo por CLOCK-M
[INFO] 23:31:19:432 memoria/(7638:7659): [CPU] Pagina victima elegida: 0
[INFO] 23:31:19:432 memoria/(7638:7659): [CPU] Posición final puntero: 3
[INFO] 23:31:19:432 memoria/(7638:7659): [CPU] Numero de marco obtenido = 6
[INFO] 23:31:19:934 memoria/(7638:7659): [CPU] Procesando lectura...
[INFO] 23:31:19:934 memoria/(7638:7659): [CPU] Dato '21' leido en marco 6
[INFO] 23:31:20:435 memoria/(7638:7659): [CPU] Procesando solicitud de nro tabla de 2do nivel...
[INFO] 23:31:20:435 memoria/(7638:7659): [CPU] Tabla : 2 - Index: 0 - PID: 3 - Resultado: 4
[INFO] 23:31:20:937 memoria/(7638:7659): [CPU] Procesando solicitud de nro marco...
[INFO] 23:31:20:937 memoria/(7638:7659): [CPU] PAGE FAULT!!!
[INFO] 23:31:21:938 memoria/(7638:7659): [CPU] Reemplazo por CLOCK-M
[INFO] 23:31:21:939 memoria/(7638:7659): [CPU] Pagina victima elegida: 1
[INFO] 23:31:21:939 memoria/(7638:7659): [CPU] Posición final puntero: 0
[INFO] 23:31:21:939 memoria/(7638:7659): [CPU] Numero de marco obtenido = 7
[INFO] 23:31:22:439 memoria/(7638:7659): [CPU] Procesando lectura...
[INFO] 23:31:22:439 memoria/(7638:7659): [CPU] Dato '31' leido en marco 7
[INFO] 23:31:22:942 memoria/(7638:7659): [CPU] Procesando solicitud de nro tabla de 2do nivel...
[INFO] 23:31:22:942 memoria/(7638:7659): [CPU] Tabla : 2 - Index: 1 - PID: 3 - Resultado: 5
[INFO] 23:31:23:442 memoria/(7638:7659): [CPU] Procesando solicitud de nro marco...
[INFO] 23:31:23:442 memoria/(7638:7659): [CPU] Pagina en memoria principal!
[INFO] 23:31:23:443 memoria/(7638:7659): [CPU] Numero de marco obtenido = 0
[INFO] 23:31:23:943 memoria/(7638:7659): [CPU] Procesando lectura...
[INFO] 23:31:23:943 memoria/(7638:7659): [CPU] Dato '41' leido en marco 0
[INFO] 23:31:24:444 memoria/(7638:7659): [CPU] Procesando solicitud de nro tabla de 2do nivel...
[INFO] 23:31:24:444 memoria/(7638:7659): [CPU] Tabla : 2 - Index: 1 - PID: 3 - Resultado: 5
[INFO] 23:31:24:944 memoria/(7638:7659): [CPU] Procesando solicitud de nro marco...
[INFO] 23:31:24:945 memoria/(7638:7659): [CPU] Pagina en memoria principal!
[INFO] 23:31:24:945 memoria/(7638:7659): [CPU] Numero de marco obtenido = 1
[INFO] 23:31:25:445 memoria/(7638:7659): [CPU] Procesando lectura...
[INFO] 23:31:25:445 memoria/(7638:7659): [CPU] Dato '51' leido en marco 1
[INFO] 23:31:26:954 memoria/(7638:7659): [CPU] Procesando solicitud de nro tabla de 2do nivel...
[INFO] 23:31:26:954 memoria/(7638:7659): [CPU] Tabla : 2 - Index: 0 - PID: 3 - Resultado: 4
[INFO] 23:31:27:455 memoria/(7638:7659): [CPU] Procesando solicitud de nro marco...
[INFO] 23:31:27:455 memoria/(7638:7659): [CPU] PAGE FAULT!!!
[INFO] 23:31:28:455 memoria/(7638:7659): [CPU] Reemplazo por CLOCK-M
[INFO] 23:31:28:456 memoria/(7638:7659): [CPU] Pagina victima elegida: 2
[INFO] 23:31:28:456 memoria/(7638:7659): [CPU] Posición final puntero: 3
[INFO] 23:31:28:456 memoria/(7638:7659): [CPU] Numero de marco obtenido = 6
[INFO] 23:31:28:956 memoria/(7638:7659): [CPU] Procesando lectura...
[INFO] 23:31:28:957 memoria/(7638:7659): [CPU] Dato '2' leido en marco 6
[INFO] 23:31:29:458 memoria/(7638:7659): [CPU] Procesando solicitud de nro tabla de 2do nivel...
[INFO] 23:31:29:458 memoria/(7638:7659): [CPU] Tabla : 2 - Index: 0 - PID: 3 - Resultado: 4
[INFO] 23:31:29:958 memoria/(7638:7659): [CPU] Procesando solicitud de nro marco...
[INFO] 23:31:29:958 memoria/(7638:7659): [CPU] PAGE FAULT!!!
[INFO] 23:31:30:959 memoria/(7638:7659): [CPU] Reemplazo por CLOCK-M
[INFO] 23:31:30:960 memoria/(7638:7659): [CPU] Pagina victima elegida: 3
[INFO] 23:31:30:960 memoria/(7638:7659): [CPU] Posición final puntero: 0
[INFO] 23:31:30:960 memoria/(7638:7659): [CPU] Numero de marco obtenido = 7
[INFO] 23:31:31:460 memoria/(7638:7659): [CPU] Procesando lectura...
[INFO] 23:31:31:461 memoria/(7638:7659): [CPU] Dato '12' leido en marco 7
[INFO] 23:31:31:961 memoria/(7638:7659): [CPU] Procesando solicitud de nro tabla de 2do nivel...
[INFO] 23:31:31:961 memoria/(7638:7659): [CPU] Tabla : 2 - Index: 0 - PID: 3 - Resultado: 4
[INFO] 23:31:32:462 memoria/(7638:7659): [CPU] Procesando solicitud de nro marco...
[INFO] 23:31:32:462 memoria/(7638:7659): [CPU] PAGE FAULT!!!
[INFO] 23:31:33:463 memoria/(7638:7659): [CPU] Reemplazo por CLOCK-M
[INFO] 23:31:33:463 memoria/(7638:7659): [CPU] Pagina victima elegida: 4
[INFO] 23:31:33:463 memoria/(7638:7659): [CPU] Actualizando pagina victima en swap (bit de modificado = 1)
[INFO] 23:31:34:463 memoria/(7638:7659): [CPU] Numero de marco obtenido = 0
[INFO] 23:31:34:964 memoria/(7638:7659): [CPU] Procesando lectura...
[INFO] 23:31:34:964 memoria/(7638:7659): [CPU] Dato '22' leido en marco 0
[INFO] 23:31:35:465 memoria/(7638:7659): [CPU] Procesando solicitud de nro tabla de 2do nivel...
[INFO] 23:31:35:465 memoria/(7638:7659): [CPU] Tabla : 2 - Index: 0 - PID: 3 - Resultado: 4
[INFO] 23:31:35:966 memoria/(7638:7659): [CPU] Procesando solicitud de nro marco...
[INFO] 23:31:35:966 memoria/(7638:7659): [CPU] PAGE FAULT!!!
[INFO] 23:31:36:966 memoria/(7638:7659): [CPU] Reemplazo por CLOCK-M
[INFO] 23:31:36:966 memoria/(7638:7659): [CPU] Pagina victima elegida: 5
[INFO] 23:31:36:966 memoria/(7638:7659): [CPU] Actualizando pagina victima en swap (bit de modificado = 1)
[INFO] 23:31:37:967 memoria/(7638:7659): [CPU] Numero de marco obtenido = 1
[INFO] 23:31:38:468 memoria/(7638:7659): [CPU] Procesando lectura...
[INFO] 23:31:38:468 memoria/(7638:7659): [CPU] Dato '32' leido en marco 1
[INFO] 23:31:38:971 memoria/(7638:7659): [CPU] Procesando solicitud de nro tabla de 2do nivel...
[INFO] 23:31:38:971 memoria/(7638:7659): [CPU] Tabla : 2 - Index: 1 - PID: 3 - Resultado: 5
[INFO] 23:31:39:471 memoria/(7638:7659): [CPU] Procesando solicitud de nro marco...
[INFO] 23:31:39:472 memoria/(7638:7659): [CPU] PAGE FAULT!!!
[INFO] 23:31:40:473 memoria/(7638:7659): [CPU] Reemplazo por CLOCK-M
[INFO] 23:31:40:473 memoria/(7638:7659): [CPU] Pagina victima elegida: 0
[INFO] 23:31:40:473 memoria/(7638:7659): [CPU] Posición final puntero: 3
[INFO] 23:31:40:473 memoria/(7638:7659): [CPU] Numero de marco obtenido = 6
[INFO] 23:31:40:974 memoria/(7638:7659): [CPU] Procesando lectura...
[INFO] 23:31:40:974 memoria/(7638:7659): [CPU] Dato '42' leido en marco 6
[INFO] 23:31:41:474 memoria/(7638:7659): [CPU] Procesando solicitud de nro tabla de 2do nivel...
[INFO] 23:31:41:474 memoria/(7638:7659): [CPU] Tabla : 2 - Index: 1 - PID: 3 - Resultado: 5
[INFO] 23:31:41:975 memoria/(7638:7659): [CPU] Procesando solicitud de nro marco...
[INFO] 23:31:41:975 memoria/(7638:7659): [CPU] PAGE FAULT!!!
[INFO] 23:31:42:976 memoria/(7638:7659): [CPU] Reemplazo por CLOCK-M
[INFO] 23:31:42:976 memoria/(7638:7659): [CPU] Pagina victima elegida: 1
[INFO] 23:31:42:976 memoria/(7638:7659): [CPU] Posición final puntero: 0
[INFO] 23:31:42:976 memoria/(7638:7659): [CPU] Numero de marco obtenido = 7
[INFO] 23:31:43:477 memoria/(7638:7659): [CPU] Procesando lectura...
[INFO] 23:31:43:477 memoria/(7638:7659): [CPU] Dato '52' leido en marco 7
[INFO] 23:31:44:991 memoria/(7638:7659): [CPU] Procesando solicitud de nro tabla de 2do nivel...
[INFO] 23:31:44:991 memoria/(7638:7659): [CPU] Tabla : 2 - Index: 0 - PID: 3 - Resultado: 4
[INFO] 23:31:45:492 memoria/(7638:7659): [CPU] Procesando solicitud de nro marco...
[INFO] 23:31:45:492 memoria/(7638:7659): [CPU] PAGE FAULT!!!
[INFO] 23:31:46:492 memoria/(7638:7659): [CPU] Reemplazo por CLOCK-M
[INFO] 23:31:46:492 memoria/(7638:7659): [CPU] Pagina victima elegida: 2
[INFO] 23:31:46:492 memoria/(7638:7659): [CPU] Posición final puntero: 1
[INFO] 23:31:46:492 memoria/(7638:7659): [CPU] Numero de marco obtenido = 0
[INFO] 23:31:46:993 memoria/(7638:7659): [CPU] Procesando lectura...
[INFO] 23:31:46:993 memoria/(7638:7659): [CPU] Dato '1' leido en marco 0
[INFO] 23:31:47:494 memoria/(7638:7659): [CPU] Procesando solicitud de nro tabla de 2do nivel...
[INFO] 23:31:47:494 memoria/(7638:7659): [CPU] Tabla : 2 - Index: 0 - PID: 3 - Resultado: 4
[INFO] 23:31:47:996 memoria/(7638:7659): [CPU] Procesando solicitud de nro marco...
[INFO] 23:31:47:996 memoria/(7638:7659): [CPU] PAGE FAULT!!!
[INFO] 23:31:48:997 memoria/(7638:7659): [CPU] Reemplazo por CLOCK-M
[INFO] 23:31:48:997 memoria/(7638:7659): [CPU] Pagina victima elegida: 3
[INFO] 23:31:48:997 memoria/(7638:7659): [CPU] Posición final puntero: 2
[INFO] 23:31:48:997 memoria/(7638:7659): [CPU] Numero de marco obtenido = 1
[INFO] 23:31:49:498 memoria/(7638:7659): [CPU] Procesando lectura...
[INFO] 23:31:49:498 memoria/(7638:7659): [CPU] Dato '11' leido en marco 1
[INFO] 23:31:49:999 memoria/(7638:7659): [CPU] Procesando solicitud de nro tabla de 2do nivel...
[INFO] 23:31:49:999 memoria/(7638:7659): [CPU] Tabla : 2 - Index: 0 - PID: 3 - Resultado: 4
[INFO] 23:31:50:500 memoria/(7638:7659): [CPU] Procesando solicitud de nro marco...
[INFO] 23:31:50:500 memoria/(7638:7659): [CPU] PAGE FAULT!!!
[INFO] 23:31:51:501 memoria/(7638:7659): [CPU] Reemplazo por CLOCK-M
[INFO] 23:31:51:502 memoria/(7638:7659): [CPU] Pagina victima elegida: 4
[INFO] 23:31:51:502 memoria/(7638:7659): [CPU] Posición final puntero: 3
[INFO] 23:31:51:502 memoria/(7638:7659): [CPU] Numero de marco obtenido = 6
[INFO] 23:31:52:003 memoria/(7638:7659): [CPU] Procesando lectura...
[INFO] 23:31:52:003 memoria/(7638:7659): [CPU] Dato '21' leido en marco 6
[INFO] 23:31:52:504 memoria/(7638:7659): [CPU] Procesando solicitud de nro tabla de 2do nivel...
[INFO] 23:31:52:504 memoria/(7638:7659): [CPU] Tabla : 2 - Index: 0 - PID: 3 - Resultado: 4
[INFO] 23:31:53:006 memoria/(7638:7659): [CPU] Procesando solicitud de nro marco...
[INFO] 23:31:53:006 memoria/(7638:7659): [CPU] PAGE FAULT!!!
[INFO] 23:31:54:006 memoria/(7638:7659): [CPU] Reemplazo por CLOCK-M
[INFO] 23:31:54:007 memoria/(7638:7659): [CPU] Pagina victima elegida: 5
[INFO] 23:31:54:007 memoria/(7638:7659): [CPU] Posición final puntero: 0
[INFO] 23:31:54:007 memoria/(7638:7659): [CPU] Numero de marco obtenido = 7
[INFO] 23:31:54:507 memoria/(7638:7659): [CPU] Procesando lectura...
[INFO] 23:31:54:508 memoria/(7638:7659): [CPU] Dato '31' leido en marco 7
[INFO] 23:31:55:008 memoria/(7638:7659): [CPU] Procesando solicitud de nro tabla de 2do nivel...
[INFO] 23:31:55:008 memoria/(7638:7659): [CPU] Tabla : 2 - Index: 1 - PID: 3 - Resultado: 5
[INFO] 23:31:55:509 memoria/(7638:7659): [CPU] Procesando solicitud de nro marco...
[INFO] 23:31:55:509 memoria/(7638:7659): [CPU] PAGE FAULT!!!
[INFO] 23:31:56:510 memoria/(7638:7659): [CPU] Reemplazo por CLOCK-M
[INFO] 23:31:56:510 memoria/(7638:7659): [CPU] Pagina victima elegida: 0
[INFO] 23:31:56:510 memoria/(7638:7659): [CPU] Posición final puntero: 1
[INFO] 23:31:56:510 memoria/(7638:7659): [CPU] Numero de marco obtenido = 0
[INFO] 23:31:57:011 memoria/(7638:7659): [CPU] Procesando lectura...
[INFO] 23:31:57:011 memoria/(7638:7659): [CPU] Dato '41' leido en marco 0
[INFO] 23:31:57:512 memoria/(7638:7659): [CPU] Procesando solicitud de nro tabla de 2do nivel...
[INFO] 23:31:57:512 memoria/(7638:7659): [CPU] Tabla : 2 - Index: 1 - PID: 3 - Resultado: 5
[INFO] 23:31:58:015 memoria/(7638:7659): [CPU] Procesando solicitud de nro marco...
[INFO] 23:31:58:015 memoria/(7638:7659): [CPU] PAGE FAULT!!!
[INFO] 23:31:59:015 memoria/(7638:7659): [CPU] Reemplazo por CLOCK-M
[INFO] 23:31:59:016 memoria/(7638:7659): [CPU] Pagina victima elegida: 1
[INFO] 23:31:59:016 memoria/(7638:7659): [CPU] Posición final puntero: 2
[INFO] 23:31:59:016 memoria/(7638:7659): [CPU] Numero de marco obtenido = 1
[INFO] 23:31:59:516 memoria/(7638:7659): [CPU] Procesando lectura...
[INFO] 23:31:59:517 memoria/(7638:7659): [CPU] Dato '51' leido en marco 1
[INFO] 23:32:01:023 memoria/(7638:7659): [CPU] Procesando solicitud de nro tabla de 2do nivel...
[INFO] 23:32:01:023 memoria/(7638:7659): [CPU] Tabla : 2 - Index: 0 - PID: 3 - Resultado: 4
[INFO] 23:32:01:524 memoria/(7638:7659): [CPU] Procesando solicitud de nro marco...
[INFO] 23:32:01:524 memoria/(7638:7659): [CPU] PAGE FAULT!!!
[INFO] 23:32:02:525 memoria/(7638:7659): [CPU] Reemplazo por CLOCK-M
[INFO] 23:32:02:525 memoria/(7638:7659): [CPU] Pagina victima elegida: 2
[INFO] 23:32:02:525 memoria/(7638:7659): [CPU] Posición final puntero: 3
[INFO] 23:32:02:525 memoria/(7638:7659): [CPU] Numero de marco obtenido = 6
[INFO] 23:32:03:026 memoria/(7638:7659): [CPU] Procesando lectura...
[INFO] 23:32:03:026 memoria/(7638:7659): [CPU] Dato '2' leido en marco 6
[INFO] 23:32:03:526 memoria/(7638:7659): [CPU] Procesando solicitud de nro tabla de 2do nivel...
[INFO] 23:32:03:527 memoria/(7638:7659): [CPU] Tabla : 2 - Index: 0 - PID: 3 - Resultado: 4
[INFO] 23:32:04:027 memoria/(7638:7659): [CPU] Procesando solicitud de nro marco...
[INFO] 23:32:04:027 memoria/(7638:7659): [CPU] PAGE FAULT!!!
[INFO] 23:32:05:028 memoria/(7638:7659): [CPU] Reemplazo por CLOCK-M
[INFO] 23:32:05:028 memoria/(7638:7659): [CPU] Pagina victima elegida: 3
[INFO] 23:32:05:028 memoria/(7638:7659): [CPU] Posición final puntero: 0
[INFO] 23:32:05:028 memoria/(7638:7659): [CPU] Numero de marco obtenido = 7
[INFO] 23:32:05:529 memoria/(7638:7659): [CPU] Procesando lectura...
[INFO] 23:32:05:529 memoria/(7638:7659): [CPU] Dato '12' leido en marco 7
[INFO] 23:32:06:030 memoria/(7638:7659): [CPU] Procesando solicitud de nro tabla de 2do nivel...
[INFO] 23:32:06:030 memoria/(7638:7659): [CPU] Tabla : 2 - Index: 0 - PID: 3 - Resultado: 4
[INFO] 23:32:06:530 memoria/(7638:7659): [CPU] Procesando solicitud de nro marco...
[INFO] 23:32:06:530 memoria/(7638:7659): [CPU] PAGE FAULT!!!
[INFO] 23:32:07:531 memoria/(7638:7659): [CPU] Reemplazo por CLOCK-M
[INFO] 23:32:07:531 memoria/(7638:7659): [CPU] Pagina victima elegida: 4
[INFO] 23:32:07:531 memoria/(7638:7659): [CPU] Posición final puntero: 1
[INFO] 23:32:07:531 memoria/(7638:7659): [CPU] Numero de marco obtenido = 0
[INFO] 23:32:08:032 memoria/(7638:7659): [CPU] Procesando lectura...
[INFO] 23:32:08:032 memoria/(7638:7659): [CPU] Dato '22' leido en marco 0
[INFO] 23:32:08:532 memoria/(7638:7659): [CPU] Procesando solicitud de nro tabla de 2do nivel...
[INFO] 23:32:08:532 memoria/(7638:7659): [CPU] Tabla : 2 - Index: 0 - PID: 3 - Resultado: 4
[INFO] 23:32:09:033 memoria/(7638:7659): [CPU] Procesando solicitud de nro marco...
[INFO] 23:32:09:033 memoria/(7638:7659): [CPU] PAGE FAULT!!!
[INFO] 23:32:10:034 memoria/(7638:7659): [CPU] Reemplazo por CLOCK-M
[INFO] 23:32:10:034 memoria/(7638:7659): [CPU] Pagina victima elegida: 5
[INFO] 23:32:10:034 memoria/(7638:7659): [CPU] Posición final puntero: 2
[INFO] 23:32:10:034 memoria/(7638:7659): [CPU] Numero de marco obtenido = 1
[INFO] 23:32:10:535 memoria/(7638:7659): [CPU] Procesando lectura...
[INFO] 23:32:10:535 memoria/(7638:7659): [CPU] Dato '32' leido en marco 1
[INFO] 23:32:11:038 memoria/(7638:7659): [CPU] Procesando solicitud de nro tabla de 2do nivel...
[INFO] 23:32:11:038 memoria/(7638:7659): [CPU] Tabla : 2 - Index: 1 - PID: 3 - Resultado: 5
[INFO] 23:32:11:538 memoria/(7638:7659): [CPU] Procesando solicitud de nro marco...
[INFO] 23:32:11:538 memoria/(7638:7659): [CPU] PAGE FAULT!!!
[INFO] 23:32:12:539 memoria/(7638:7659): [CPU] Reemplazo por CLOCK-M
[INFO] 23:32:12:539 memoria/(7638:7659): [CPU] Pagina victima elegida: 0
[INFO] 23:32:12:540 memoria/(7638:7659): [CPU] Posición final puntero: 3
[INFO] 23:32:12:540 memoria/(7638:7659): [CPU] Numero de marco obtenido = 6
[INFO] 23:32:13:040 memoria/(7638:7659): [CPU] Procesando lectura...
[INFO] 23:32:13:040 memoria/(7638:7659): [CPU] Dato '42' leido en marco 6
[INFO] 23:32:13:541 memoria/(7638:7659): [CPU] Procesando solicitud de nro tabla de 2do nivel...
[INFO] 23:32:13:541 memoria/(7638:7659): [CPU] Tabla : 2 - Index: 1 - PID: 3 - Resultado: 5
[INFO] 23:32:14:042 memoria/(7638:7659): [CPU] Procesando solicitud de nro marco...
[INFO] 23:32:14:042 memoria/(7638:7659): [CPU] PAGE FAULT!!!
[INFO] 23:32:15:043 memoria/(7638:7659): [CPU] Reemplazo por CLOCK-M
[INFO] 23:32:15:045 memoria/(7638:7659): [CPU] Pagina victima elegida: 1
[INFO] 23:32:15:045 memoria/(7638:7659): [CPU] Posición final puntero: 0
[INFO] 23:32:15:045 memoria/(7638:7659): [CPU] Numero de marco obtenido = 7
[INFO] 23:32:15:546 memoria/(7638:7659): [CPU] Procesando lectura...
[INFO] 23:32:15:546 memoria/(7638:7659): [CPU] Dato '52' leido en marco 7
[INFO] 23:32:17:054 memoria/(7638:7659): [CPU] Procesando solicitud de nro tabla de 2do nivel...
[INFO] 23:32:17:054 memoria/(7638:7659): [CPU] Tabla : 2 - Index: 0 - PID: 3 - Resultado: 4
[INFO] 23:32:17:556 memoria/(7638:7659): [CPU] Procesando solicitud de nro marco...
[INFO] 23:32:17:556 memoria/(7638:7659): [CPU] PAGE FAULT!!!
[INFO] 23:32:18:557 memoria/(7638:7659): [CPU] Reemplazo por CLOCK-M
[INFO] 23:32:18:557 memoria/(7638:7659): [CPU] Pagina victima elegida: 2
[INFO] 23:32:18:557 memoria/(7638:7659): [CPU] Posición final puntero: 1
[INFO] 23:32:18:557 memoria/(7638:7659): [CPU] Numero de marco obtenido = 0
[INFO] 23:32:19:058 memoria/(7638:7659): [CPU] Procesando lectura...
[INFO] 23:32:19:058 memoria/(7638:7659): [CPU] Dato '1' leido en marco 0
[INFO] 23:32:19:558 memoria/(7638:7659): [CPU] Procesando solicitud de nro tabla de 2do nivel...
[INFO] 23:32:19:558 memoria/(7638:7659): [CPU] Tabla : 2 - Index: 0 - PID: 3 - Resultado: 4
[INFO] 23:32:20:059 memoria/(7638:7659): [CPU] Procesando solicitud de nro marco...
[INFO] 23:32:20:059 memoria/(7638:7659): [CPU] PAGE FAULT!!!
[INFO] 23:32:21:060 memoria/(7638:7659): [CPU] Reemplazo por CLOCK-M
[INFO] 23:32:21:060 memoria/(7638:7659): [CPU] Pagina victima elegida: 3
[INFO] 23:32:21:060 memoria/(7638:7659): [CPU] Posición final puntero: 2
[INFO] 23:32:21:060 memoria/(7638:7659): [CPU] Numero de marco obtenido = 1
[INFO] 23:32:21:561 memoria/(7638:7659): [CPU] Procesando lectura...
[INFO] 23:32:21:561 memoria/(7638:7659): [CPU] Dato '11' leido en marco 1
[INFO] 23:32:22:061 memoria/(7638:7659): [CPU] Procesando solicitud de nro tabla de 2do nivel...
[INFO] 23:32:22:061 memoria/(7638:7659): [CPU] Tabla : 2 - Index: 0 - PID: 3 - Resultado: 4
[INFO] 23:32:22:562 memoria/(7638:7659): [CPU] Procesando solicitud de nro marco...
[INFO] 23:32:22:562 memoria/(7638:7659): [CPU] PAGE FAULT!!!
[INFO] 23:32:23:563 memoria/(7638:7659): [CPU] Reemplazo por CLOCK-M
[INFO] 23:32:23:563 memoria/(7638:7659): [CPU] Pagina victima elegida: 4
[INFO] 23:32:23:563 memoria/(7638:7659): [CPU] Posición final puntero: 3
[INFO] 23:32:23:563 memoria/(7638:7659): [CPU] Numero de marco obtenido = 6
[INFO] 23:32:24:064 memoria/(7638:7659): [CPU] Procesando lectura...
[INFO] 23:32:24:064 memoria/(7638:7659): [CPU] Dato '21' leido en marco 6
[INFO] 23:32:24:564 memoria/(7638:7659): [CPU] Procesando solicitud de nro tabla de 2do nivel...
[INFO] 23:32:24:564 memoria/(7638:7659): [CPU] Tabla : 2 - Index: 0 - PID: 3 - Resultado: 4
[INFO] 23:32:25:065 memoria/(7638:7659): [CPU] Procesando solicitud de nro marco...
[INFO] 23:32:25:065 memoria/(7638:7659): [CPU] PAGE FAULT!!!
[INFO] 23:32:26:065 memoria/(7638:7659): [CPU] Reemplazo por CLOCK-M
[INFO] 23:32:26:065 memoria/(7638:7659): [CPU] Pagina victima elegida: 5
[INFO] 23:32:26:065 memoria/(7638:7659): [CPU] Posición final puntero: 0
[INFO] 23:32:26:065 memoria/(7638:7659): [CPU] Numero de marco obtenido = 7
[INFO] 23:32:26:566 memoria/(7638:7659): [CPU] Procesando lectura...
[INFO] 23:32:26:566 memoria/(7638:7659): [CPU] Dato '31' leido en marco 7
[INFO] 23:32:27:067 memoria/(7638:7659): [CPU] Procesando solicitud de nro tabla de 2do nivel...
[INFO] 23:32:27:067 memoria/(7638:7659): [CPU] Tabla : 2 - Index: 1 - PID: 3 - Resultado: 5
[INFO] 23:32:27:568 memoria/(7638:7659): [CPU] Procesando solicitud de nro marco...
[INFO] 23:32:27:568 memoria/(7638:7659): [CPU] PAGE FAULT!!!
[INFO] 23:32:28:568 memoria/(7638:7659): [CPU] Reemplazo por CLOCK-M
[INFO] 23:32:28:568 memoria/(7638:7659): [CPU] Pagina victima elegida: 0
[INFO] 23:32:28:568 memoria/(7638:7659): [CPU] Posición final puntero: 1
[INFO] 23:32:28:568 memoria/(7638:7659): [CPU] Numero de marco obtenido = 0
[INFO] 23:32:29:070 memoria/(7638:7659): [CPU] Procesando lectura...
[INFO] 23:32:29:070 memoria/(7638:7659): [CPU] Dato '41' leido en marco 0
[INFO] 23:32:29:572 memoria/(7638:7659): [CPU] Procesando solicitud de nro tabla de 2do nivel...
[INFO] 23:32:29:572 memoria/(7638:7659): [CPU] Tabla : 2 - Index: 1 - PID: 3 - Resultado: 5
[INFO] 23:32:30:075 memoria/(7638:7659): [CPU] Procesando solicitud de nro marco...
[INFO] 23:32:30:075 memoria/(7638:7659): [CPU] PAGE FAULT!!!
[INFO] 23:32:31:076 memoria/(7638:7659): [CPU] Reemplazo por CLOCK-M
[INFO] 23:32:31:076 memoria/(7638:7659): [CPU] Pagina victima elegida: 1
[INFO] 23:32:31:076 memoria/(7638:7659): [CPU] Posición final puntero: 2
[INFO] 23:32:31:076 memoria/(7638:7659): [CPU] Numero de marco obtenido = 1
[INFO] 23:32:31:577 memoria/(7638:7659): [CPU] Procesando lectura...
[INFO] 23:32:31:577 memoria/(7638:7659): [CPU] Dato '51' leido en marco 1
[INFO] 23:32:33:085 memoria/(7638:7659): [CPU] Procesando solicitud de nro tabla de 2do nivel...
[INFO] 23:32:33:085 memoria/(7638:7659): [CPU] Tabla : 2 - Index: 0 - PID: 3 - Resultado: 4
[INFO] 23:32:33:587 memoria/(7638:7659): [CPU] Procesando solicitud de nro marco...
[INFO] 23:32:33:587 memoria/(7638:7659): [CPU] PAGE FAULT!!!
[INFO] 23:32:34:587 memoria/(7638:7659): [CPU] Reemplazo por CLOCK-M
[INFO] 23:32:34:588 memoria/(7638:7659): [CPU] Pagina victima elegida: 2
[INFO] 23:32:34:588 memoria/(7638:7659): [CPU] Posición final puntero: 3
[INFO] 23:32:34:588 memoria/(7638:7659): [CPU] Numero de marco obtenido = 6
[INFO] 23:32:35:088 memoria/(7638:7659): [CPU] Procesando lectura...
[INFO] 23:32:35:088 memoria/(7638:7659): [CPU] Dato '2' leido en marco 6
[INFO] 23:32:35:589 memoria/(7638:7659): [CPU] Procesando solicitud de nro tabla de 2do nivel...
[INFO] 23:32:35:589 memoria/(7638:7659): [CPU] Tabla : 2 - Index: 0 - PID: 3 - Resultado: 4
[INFO] 23:32:36:090 memoria/(7638:7659): [CPU] Procesando solicitud de nro marco...
[INFO] 23:32:36:090 memoria/(7638:7659): [CPU] PAGE FAULT!!!
[INFO] 23:32:37:091 memoria/(7638:7659): [CPU] Reemplazo por CLOCK-M
[INFO] 23:32:37:091 memoria/(7638:7659): [CPU] Pagina victima elegida: 3
[INFO] 23:32:37:091 memoria/(7638:7659): [CPU] Posición final puntero: 0
[INFO] 23:32:37:091 memoria/(7638:7659): [CPU] Numero de marco obtenido = 7
[INFO] 23:32:37:592 memoria/(7638:7659): [CPU] Procesando lectura...
[INFO] 23:32:37:592 memoria/(7638:7659): [CPU] Dato '12' leido en marco 7
[INFO] 23:32:38:096 memoria/(7638:7659): [CPU] Procesando solicitud de nro tabla de 2do nivel...
[INFO] 23:32:38:096 memoria/(7638:7659): [CPU] Tabla : 2 - Index: 0 - PID: 3 - Resultado: 4
[INFO] 23:32:38:596 memoria/(7638:7659): [CPU] Procesando solicitud de nro marco...
[INFO] 23:32:38:597 memoria/(7638:7659): [CPU] PAGE FAULT!!!
[INFO] 23:32:39:598 memoria/(7638:7659): [CPU] Reemplazo por CLOCK-M
[INFO] 23:32:39:598 memoria/(7638:7659): [CPU] Pagina victima elegida: 4
[INFO] 23:32:39:598 memoria/(7638:7659): [CPU] Posición final puntero: 1
[INFO] 23:32:39:598 memoria/(7638:7659): [CPU] Numero de marco obtenido = 0
[INFO] 23:32:40:099 memoria/(7638:7659): [CPU] Procesando lectura...
[INFO] 23:32:40:099 memoria/(7638:7659): [CPU] Dato '22' leido en marco 0
[INFO] 23:32:40:599 memoria/(7638:7659): [CPU] Procesando solicitud de nro tabla de 2do nivel...
[INFO] 23:32:40:599 memoria/(7638:7659): [CPU] Tabla : 2 - Index: 0 - PID: 3 - Resultado: 4
[INFO] 23:32:41:100 memoria/(7638:7659): [CPU] Procesando solicitud de nro marco...
[INFO] 23:32:41:100 memoria/(7638:7659): [CPU] PAGE FAULT!!!
[INFO] 23:32:42:101 memoria/(7638:7659): [CPU] Reemplazo por CLOCK-M
[INFO] 23:32:42:101 memoria/(7638:7659): [CPU] Pagina victima elegida: 5
[INFO] 23:32:42:101 memoria/(7638:7659): [CPU] Posición final puntero: 2
[INFO] 23:32:42:101 memoria/(7638:7659): [CPU] Numero de marco obtenido = 1
[INFO] 23:32:42:602 memoria/(7638:7659): [CPU] Procesando lectura...
[INFO] 23:32:42:602 memoria/(7638:7659): [CPU] Dato '32' leido en marco 1
[INFO] 23:32:43:104 memoria/(7638:7659): [CPU] Procesando solicitud de nro tabla de 2do nivel...
[INFO] 23:32:43:104 memoria/(7638:7659): [CPU] Tabla : 2 - Index: 1 - PID: 3 - Resultado: 5
[INFO] 23:32:43:604 memoria/(7638:7659): [CPU] Procesando solicitud de nro marco...
[INFO] 23:32:43:604 memoria/(7638:7659): [CPU] PAGE FAULT!!!
[INFO] 23:32:44:604 memoria/(7638:7659): [CPU] Reemplazo por CLOCK-M
[INFO] 23:32:44:605 memoria/(7638:7659): [CPU] Pagina victima elegida: 0
[INFO] 23:32:44:605 memoria/(7638:7659): [CPU] Posición final puntero: 3
[INFO] 23:32:44:605 memoria/(7638:7659): [CPU] Numero de marco obtenido = 6
[INFO] 23:32:45:105 memoria/(7638:7659): [CPU] Procesando lectura...
[INFO] 23:32:45:106 memoria/(7638:7659): [CPU] Dato '42' leido en marco 6
[INFO] 23:32:45:606 memoria/(7638:7659): [CPU] Procesando solicitud de nro tabla de 2do nivel...
[INFO] 23:32:45:606 memoria/(7638:7659): [CPU] Tabla : 2 - Index: 1 - PID: 3 - Resultado: 5
[INFO] 23:32:46:112 memoria/(7638:7659): [CPU] Procesando solicitud de nro marco...
[INFO] 23:32:46:112 memoria/(7638:7659): [CPU] PAGE FAULT!!!
[INFO] 23:32:47:113 memoria/(7638:7659): [CPU] Reemplazo por CLOCK-M
[INFO] 23:32:47:113 memoria/(7638:7659): [CPU] Pagina victima elegida: 1
[INFO] 23:32:47:113 memoria/(7638:7659): [CPU] Posición final puntero: 0
[INFO] 23:32:47:113 memoria/(7638:7659): [CPU] Numero de marco obtenido = 7
[INFO] 23:32:47:614 memoria/(7638:7659): [CPU] Procesando lectura...
[INFO] 23:32:47:614 memoria/(7638:7659): [CPU] Dato '52' leido en marco 7
[INFO] 23:32:50:140 memoria/(7638:7659): [CPU] Procesando solicitud de nro tabla de 2do nivel...
[INFO] 23:32:50:140 memoria/(7638:7659): [CPU] Tabla : 2 - Index: 0 - PID: 3 - Resultado: 4
[INFO] 23:32:50:640 memoria/(7638:7659): [CPU] Procesando solicitud de nro marco...
[INFO] 23:32:50:640 memoria/(7638:7659): [CPU] PAGE FAULT!!!
[INFO] 23:32:51:642 memoria/(7638:7659): [CPU] Reemplazo por CLOCK-M
[INFO] 23:32:51:642 memoria/(7638:7659): [CPU] Pagina victima elegida: 2
[INFO] 23:32:51:642 memoria/(7638:7659): [CPU] Posición final puntero: 1
[INFO] 23:32:51:642 memoria/(7638:7659): [CPU] Numero de marco obtenido = 0
[INFO] 23:32:52:143 memoria/(7638:7659): [CPU] Procesando lectura...
[INFO] 23:32:52:143 memoria/(7638:7659): [CPU] Dato '1' leido en marco 0
[INFO] 23:32:52:643 memoria/(7638:7659): [CPU] Procesando solicitud de nro tabla de 2do nivel...
[INFO] 23:32:52:644 memoria/(7638:7659): [CPU] Tabla : 2 - Index: 0 - PID: 3 - Resultado: 4
[INFO] 23:32:53:144 memoria/(7638:7659): [CPU] Procesando solicitud de nro marco...
[INFO] 23:32:53:144 memoria/(7638:7659): [CPU] PAGE FAULT!!!
[INFO] 23:32:54:144 memoria/(7638:7659): [CPU] Reemplazo por CLOCK-M
[INFO] 23:32:54:145 memoria/(7638:7659): [CPU] Pagina victima elegida: 3
[INFO] 23:32:54:145 memoria/(7638:7659): [CPU] Posición final puntero: 2
[INFO] 23:32:54:145 memoria/(7638:7659): [CPU] Numero de marco obtenido = 1
[INFO] 23:32:54:646 memoria/(7638:7659): [CPU] Procesando lectura...
[INFO] 23:32:54:646 memoria/(7638:7659): [CPU] Dato '11' leido en marco 1
[INFO] 23:32:55:147 memoria/(7638:7659): [CPU] Procesando solicitud de nro tabla de 2do nivel...
[INFO] 23:32:55:147 memoria/(7638:7659): [CPU] Tabla : 2 - Index: 0 - PID: 3 - Resultado: 4
[INFO] 23:32:55:647 memoria/(7638:7659): [CPU] Procesando solicitud de nro marco...
[INFO] 23:32:55:648 memoria/(7638:7659): [CPU] PAGE FAULT!!!
[INFO] 23:32:56:648 memoria/(7638:7659): [CPU] Reemplazo por CLOCK-M
[INFO] 23:32:56:648 memoria/(7638:7659): [CPU] Pagina victima elegida: 4
[INFO] 23:32:56:648 memoria/(7638:7659): [CPU] Posición final puntero: 3
[INFO] 23:32:56:648 memoria/(7638:7659): [CPU] Numero de marco obtenido = 6
[INFO] 23:32:57:150 memoria/(7638:7659): [CPU] Procesando lectura...
[INFO] 23:32:57:150 memoria/(7638:7659): [CPU] Dato '21' leido en marco 6
[INFO] 23:32:57:650 memoria/(7638:7659): [CPU] Procesando solicitud de nro tabla de 2do nivel...
[INFO] 23:32:57:651 memoria/(7638:7659): [CPU] Tabla : 2 - Index: 0 - PID: 3 - Resultado: 4
[INFO] 23:32:58:152 memoria/(7638:7659): [CPU] Procesando solicitud de nro marco...
[INFO] 23:32:58:152 memoria/(7638:7659): [CPU] PAGE FAULT!!!
[INFO] 23:32:59:152 memoria/(7638:7659): [CPU] Reemplazo por CLOCK-M
[INFO] 23:32:59:153 memoria/(7638:7659): [CPU] Pagina victima elegida: 5
[INFO] 23:32:59:153 memoria/(7638:7659): [CPU] Posición final puntero: 0
[INFO] 23:32:59:153 memoria/(7638:7659): [CPU] Numero de marco obtenido = 7
[INFO] 23:32:59:654 memoria/(7638:7659): [CPU] Procesando lectura...
[INFO] 23:32:59:654 memoria/(7638:7659): [CPU] Dato '31' leido en marco 7
[INFO] 23:33:00:155 memoria/(7638:7659): [CPU] Procesando solicitud de nro tabla de 2do nivel...
[INFO] 23:33:00:155 memoria/(7638:7659): [CPU] Tabla : 2 - Index: 1 - PID: 3 - Resultado: 5
[INFO] 23:33:00:658 memoria/(7638:7659): [CPU] Procesando solicitud de nro marco...
[INFO] 23:33:00:658 memoria/(7638:7659): [CPU] PAGE FAULT!!!
[INFO] 23:33:01:658 memoria/(7638:7659): [CPU] Reemplazo por CLOCK-M
[INFO] 23:33:01:658 memoria/(7638:7659): [CPU] Pagina victima elegida: 0
[INFO] 23:33:01:658 memoria/(7638:7659): [CPU] Posición final puntero: 1
[INFO] 23:33:01:658 memoria/(7638:7659): [CPU] Numero de marco obtenido = 0
[INFO] 23:33:02:159 memoria/(7638:7659): [CPU] Procesando lectura...
[INFO] 23:33:02:159 memoria/(7638:7659): [CPU] Dato '41' leido en marco 0
[INFO] 23:33:02:660 memoria/(7638:7659): [CPU] Procesando solicitud de nro tabla de 2do nivel...
[INFO] 23:33:02:660 memoria/(7638:7659): [CPU] Tabla : 2 - Index: 1 - PID: 3 - Resultado: 5
[INFO] 23:33:03:160 memoria/(7638:7659): [CPU] Procesando solicitud de nro marco...
[INFO] 23:33:03:160 memoria/(7638:7659): [CPU] PAGE FAULT!!!
[INFO] 23:33:04:161 memoria/(7638:7659): [CPU] Reemplazo por CLOCK-M
[INFO] 23:33:04:161 memoria/(7638:7659): [CPU] Pagina victima elegida: 1
[INFO] 23:33:04:161 memoria/(7638:7659): [CPU] Posición final puntero: 2
[INFO] 23:33:04:161 memoria/(7638:7659): [CPU] Numero de marco obtenido = 1
[INFO] 23:33:04:662 memoria/(7638:7659): [CPU] Procesando lectura...
[INFO] 23:33:04:662 memoria/(7638:7659): [CPU] Dato '51' leido en marco 1
[INFO] 23:33:06:169 memoria/(7638:7659): [CPU] Procesando solicitud de nro tabla de 2do nivel...
[INFO] 23:33:06:169 memoria/(7638:7659): [CPU] Tabla : 2 - Index: 0 - PID: 3 - Resultado: 4
[INFO] 23:33:06:669 memoria/(7638:7659): [CPU] Procesando solicitud de nro marco...
[INFO] 23:33:06:670 memoria/(7638:7659): [CPU] PAGE FAULT!!!
[INFO] 23:33:07:670 memoria/(7638:7659): [CPU] Reemplazo por CLOCK-M
[INFO] 23:33:07:671 memoria/(7638:7659): [CPU] Pagina victima elegida: 2
[INFO] 23:33:07:671 memoria/(7638:7659): [CPU] Posición final puntero: 3
[INFO] 23:33:07:671 memoria/(7638:7659): [CPU] Numero de marco obtenido = 6
[INFO] 23:33:08:171 memoria/(7638:7659): [CPU] Procesando lectura...
[INFO] 23:33:08:171 memoria/(7638:7659): [CPU] Dato '2' leido en marco 6
[INFO] 23:33:08:672 memoria/(7638:7659): [CPU] Procesando solicitud de nro tabla de 2do nivel...
[INFO] 23:33:08:672 memoria/(7638:7659): [CPU] Tabla : 2 - Index: 0 - PID: 3 - Resultado: 4
[INFO] 23:33:09:172 memoria/(7638:7659): [CPU] Procesando solicitud de nro marco...
[INFO] 23:33:09:173 memoria/(7638:7659): [CPU] PAGE FAULT!!!
[INFO] 23:33:10:173 memoria/(7638:7659): [CPU] Reemplazo por CLOCK-M
[INFO] 23:33:10:173 memoria/(7638:7659): [CPU] Pagina victima elegida: 3
[INFO] 23:33:10:173 memoria/(7638:7659): [CPU] Posición final puntero: 0
[INFO] 23:33:10:173 memoria/(7638:7659): [CPU] Numero de marco obtenido = 7
[INFO] 23:33:10:674 memoria/(7638:7659): [CPU] Procesando lectura...
[INFO] 23:33:10:674 memoria/(7638:7659): [CPU] Dato '12' leido en marco 7
[INFO] 23:33:11:177 memoria/(7638:7659): [CPU] Procesando solicitud de nro tabla de 2do nivel...
[INFO] 23:33:11:177 memoria/(7638:7659): [CPU] Tabla : 2 - Index: 0 - PID: 3 - Resultado: 4
[INFO] 23:33:11:678 memoria/(7638:7659): [CPU] Procesando solicitud de nro marco...
[INFO] 23:33:11:678 memoria/(7638:7659): [CPU] PAGE FAULT!!!
[INFO] 23:33:12:680 memoria/(7638:7659): [CPU] Reemplazo por CLOCK-M
[INFO] 23:33:12:681 memoria/(7638:7659): [CPU] Pagina victima elegida: 4
[INFO] 23:33:12:681 memoria/(7638:7659): [CPU] Posición final puntero: 1
[INFO] 23:33:12:681 memoria/(7638:7659): [CPU] Numero de marco obtenido = 0
[INFO] 23:33:13:181 memoria/(7638:7659): [CPU] Procesando lectura...
[INFO] 23:33:13:182 memoria/(7638:7659): [CPU] Dato '22' leido en marco 0
[INFO] 23:33:13:682 memoria/(7638:7659): [CPU] Procesando solicitud de nro tabla de 2do nivel...
[INFO] 23:33:13:682 memoria/(7638:7659): [CPU] Tabla : 2 - Index: 0 - PID: 3 - Resultado: 4
[INFO] 23:33:14:183 memoria/(7638:7659): [CPU] Procesando solicitud de nro marco...
[INFO] 23:33:14:183 memoria/(7638:7659): [CPU] PAGE FAULT!!!
[INFO] 23:33:15:183 memoria/(7638:7659): [CPU] Reemplazo por CLOCK-M
[INFO] 23:33:15:184 memoria/(7638:7659): [CPU] Pagina victima elegida: 5
[INFO] 23:33:15:184 memoria/(7638:7659): [CPU] Posición final puntero: 2
[INFO] 23:33:15:184 memoria/(7638:7659): [CPU] Numero de marco obtenido = 1
[INFO] 23:33:15:684 memoria/(7638:7659): [CPU] Procesando lectura...
[INFO] 23:33:15:685 memoria/(7638:7659): [CPU] Dato '32' leido en marco 1
[INFO] 23:33:16:186 memoria/(7638:7659): [CPU] Procesando solicitud de nro tabla de 2do nivel...
[INFO] 23:33:16:186 memoria/(7638:7659): [CPU] Tabla : 2 - Index: 1 - PID: 3 - Resultado: 5
[INFO] 23:33:16:686 memoria/(7638:7659): [CPU] Procesando solicitud de nro marco...
[INFO] 23:33:16:686 memoria/(7638:7659): [CPU] PAGE FAULT!!!
[INFO] 23:33:17:687 memoria/(7638:7659): [CPU] Reemplazo por CLOCK-M
[INFO] 23:33:17:688 memoria/(7638:7659): [CPU] Pagina victima elegida: 0
[INFO] 23:33:17:688 memoria/(7638:7659): [CPU] Posición final puntero: 3
[INFO] 23:33:17:688 memoria/(7638:7659): [CPU] Numero de marco obtenido = 6
[INFO] 23:33:18:188 memoria/(7638:7659): [CPU] Procesando lectura...
[INFO] 23:33:18:189 memoria/(7638:7659): [CPU] Dato '42' leido en marco 6
[INFO] 23:33:18:689 memoria/(7638:7659): [CPU] Procesando solicitud de nro tabla de 2do nivel...
[INFO] 23:33:18:689 memoria/(7638:7659): [CPU] Tabla : 2 - Index: 1 - PID: 3 - Resultado: 5
[INFO] 23:33:19:192 memoria/(7638:7659): [CPU] Procesando solicitud de nro marco...
[INFO] 23:33:19:192 memoria/(7638:7659): [CPU] PAGE FAULT!!!
[INFO] 23:33:20:192 memoria/(7638:7659): [CPU] Reemplazo por CLOCK-M
[INFO] 23:33:20:193 memoria/(7638:7659): [CPU] Pagina victima elegida: 1
[INFO] 23:33:20:193 memoria/(7638:7659): [CPU] Posición final puntero: 0
[INFO] 23:33:20:193 memoria/(7638:7659): [CPU] Numero de marco obtenido = 7
[INFO] 23:33:20:693 memoria/(7638:7659): [CPU] Procesando lectura...
[INFO] 23:33:20:693 memoria/(7638:7659): [CPU] Dato '52' leido en marco 7
[INFO] 23:33:22:202 memoria/(7638:7659): [CPU] Procesando solicitud de nro tabla de 2do nivel...
[INFO] 23:33:22:202 memoria/(7638:7659): [CPU] Tabla : 2 - Index: 0 - PID: 3 - Resultado: 4
[INFO] 23:33:22:703 memoria/(7638:7659): [CPU] Procesando solicitud de nro marco...
[INFO] 23:33:22:703 memoria/(7638:7659): [CPU] PAGE FAULT!!!
[INFO] 23:33:23:704 memoria/(7638:7659): [CPU] Reemplazo por CLOCK-M
[INFO] 23:33:23:704 memoria/(7638:7659): [CPU] Pagina victima elegida: 2
[INFO] 23:33:23:704 memoria/(7638:7659): [CPU] Posición final puntero: 1
[INFO] 23:33:23:704 memoria/(7638:7659): [CPU] Numero de marco obtenido = 0
[INFO] 23:33:24:205 memoria/(7638:7659): [CPU] Procesando lectura...
[INFO] 23:33:24:205 memoria/(7638:7659): [CPU] Dato '1' leido en marco 0
[INFO] 23:33:24:705 memoria/(7638:7659): [CPU] Procesando solicitud de nro tabla de 2do nivel...
[INFO] 23:33:24:705 memoria/(7638:7659): [CPU] Tabla : 2 - Index: 0 - PID: 3 - Resultado: 4
[INFO] 23:33:25:206 memoria/(7638:7659): [CPU] Procesando solicitud de nro marco...
[INFO] 23:33:25:206 memoria/(7638:7659): [CPU] PAGE FAULT!!!
[INFO] 23:33:26:207 memoria/(7638:7659): [CPU] Reemplazo por CLOCK-M
[INFO] 23:33:26:207 memoria/(7638:7659): [CPU] Pagina victima elegida: 3
[INFO] 23:33:26:207 memoria/(7638:7659): [CPU] Posición final puntero: 2
[INFO] 23:33:26:207 memoria/(7638:7659): [CPU] Numero de marco obtenido = 1
[INFO] 23:33:26:708 memoria/(7638:7659): [CPU] Procesando lectura...
[INFO] 23:33:26:708 memoria/(7638:7659): [CPU] Dato '11' leido en marco 1
[INFO] 23:33:27:209 memoria/(7638:7659): [CPU] Procesando solicitud de nro tabla de 2do nivel...
[INFO] 23:33:27:209 memoria/(7638:7659): [CPU] Tabla : 2 - Index: 0 - PID: 3 - Resultado: 4
[INFO] 23:33:27:710 memoria/(7638:7659): [CPU] Procesando solicitud de nro marco...
[INFO] 23:33:27:710 memoria/(7638:7659): [CPU] PAGE FAULT!!!
[INFO] 23:33:28:710 memoria/(7638:7659): [CPU] Reemplazo por CLOCK-M
[INFO] 23:33:28:710 memoria/(7638:7659): [CPU] Pagina victima elegida: 4
[INFO] 23:33:28:710 memoria/(7638:7659): [CPU] Posición final puntero: 3
[INFO] 23:33:28:710 memoria/(7638:7659): [CPU] Numero de marco obtenido = 6
[INFO] 23:33:29:212 memoria/(7638:7659): [CPU] Procesando lectura...
[INFO] 23:33:29:212 memoria/(7638:7659): [CPU] Dato '21' leido en marco 6
[INFO] 23:33:29:712 memoria/(7638:7659): [CPU] Procesando solicitud de nro tabla de 2do nivel...
[INFO] 23:33:29:712 memoria/(7638:7659): [CPU] Tabla : 2 - Index: 0 - PID: 3 - Resultado: 4
[INFO] 23:33:30:214 memoria/(7638:7659): [CPU] Procesando solicitud de nro marco...
[INFO] 23:33:30:215 memoria/(7638:7659): [CPU] PAGE FAULT!!!
[INFO] 23:33:31:215 memoria/(7638:7659): [CPU] Reemplazo por CLOCK-M
[INFO] 23:33:31:217 memoria/(7638:7659): [CPU] Pagina victima elegida: 5
[INFO] 23:33:31:217 memoria/(7638:7659): [CPU] Posición final puntero: 0
[INFO] 23:33:31:217 memoria/(7638:7659): [CPU] Numero de marco obtenido = 7
[INFO] 23:33:31:717 memoria/(7638:7659): [CPU] Procesando lectura...
[INFO] 23:33:31:718 memoria/(7638:7659): [CPU] Dato '31' leido en marco 7
[INFO] 23:33:32:218 memoria/(7638:7659): [CPU] Procesando solicitud de nro tabla de 2do nivel...
[INFO] 23:33:32:218 memoria/(7638:7659): [CPU] Tabla : 2 - Index: 1 - PID: 3 - Resultado: 5
[INFO] 23:33:32:719 memoria/(7638:7659): [CPU] Procesando solicitud de nro marco...
[INFO] 23:33:32:719 memoria/(7638:7659): [CPU] PAGE FAULT!!!
[INFO] 23:33:33:719 memoria/(7638:7659): [CPU] Reemplazo por CLOCK-M
[INFO] 23:33:33:720 memoria/(7638:7659): [CPU] Pagina victima elegida: 0
[INFO] 23:33:33:720 memoria/(7638:7659): [CPU] Posición final puntero: 1
[INFO] 23:33:33:720 memoria/(7638:7659): [CPU] Numero de marco obtenido = 0
[INFO] 23:33:34:220 memoria/(7638:7659): [CPU] Procesando lectura...
[INFO] 23:33:34:221 memoria/(7638:7659): [CPU] Dato '41' leido en marco 0
[INFO] 23:33:34:721 memoria/(7638:7659): [CPU] Procesando solicitud de nro tabla de 2do nivel...
[INFO] 23:33:34:721 memoria/(7638:7659): [CPU] Tabla : 2 - Index: 1 - PID: 3 - Resultado: 5
[INFO] 23:33:35:222 memoria/(7638:7659): [CPU] Procesando solicitud de nro marco...
[INFO] 23:33:35:222 memoria/(7638:7659): [CPU] PAGE FAULT!!!
[INFO] 23:33:36:222 memoria/(7638:7659): [CPU] Reemplazo por CLOCK-M
[INFO] 23:33:36:222 memoria/(7638:7659): [CPU] Pagina victima elegida: 1
[INFO] 23:33:36:222 memoria/(7638:7659): [CPU] Posición final puntero: 2
[INFO] 23:33:36:222 memoria/(7638:7659): [CPU] Numero de marco obtenido = 1
[INFO] 23:33:36:723 memoria/(7638:7659): [CPU] Procesando lectura...
[INFO] 23:33:36:723 memoria/(7638:7659): [CPU] Dato '51' leido en marco 1
[INFO] 23:33:38:231 memoria/(7638:7659): [CPU] Procesando solicitud de nro tabla de 2do nivel...
[INFO] 23:33:38:231 memoria/(7638:7659): [CPU] Tabla : 2 - Index: 0 - PID: 3 - Resultado: 4
[INFO] 23:33:38:733 memoria/(7638:7659): [CPU] Procesando solicitud de nro marco...
[INFO] 23:33:38:733 memoria/(7638:7659): [CPU] PAGE FAULT!!!
[INFO] 23:33:39:734 memoria/(7638:7659): [CPU] Reemplazo por CLOCK-M
[INFO] 23:33:39:734 memoria/(7638:7659): [CPU] Pagina victima elegida: 2
[INFO] 23:33:39:734 memoria/(7638:7659): [CPU] Posición final puntero: 3
[INFO] 23:33:39:734 memoria/(7638:7659): [CPU] Numero de marco obtenido = 6
[INFO] 23:33:40:235 memoria/(7638:7659): [CPU] Procesando lectura...
[INFO] 23:33:40:235 memoria/(7638:7659): [CPU] Dato '2' leido en marco 6
[INFO] 23:33:40:735 memoria/(7638:7659): [CPU] Procesando solicitud de nro tabla de 2do nivel...
[INFO] 23:33:40:735 memoria/(7638:7659): [CPU] Tabla : 2 - Index: 0 - PID: 3 - Resultado: 4
[INFO] 23:33:41:238 memoria/(7638:7659): [CPU] Procesando solicitud de nro marco...
[INFO] 23:33:41:238 memoria/(7638:7659): [CPU] PAGE FAULT!!!
[INFO] 23:33:42:239 memoria/(7638:7659): [CPU] Reemplazo por CLOCK-M
[INFO] 23:33:42:239 memoria/(7638:7659): [CPU] Pagina victima elegida: 3
[INFO] 23:33:42:239 memoria/(7638:7659): [CPU] Posición final puntero: 0
[INFO] 23:33:42:239 memoria/(7638:7659): [CPU] Numero de marco obtenido = 7
[INFO] 23:33:42:740 memoria/(7638:7659): [CPU] Procesando lectura...
[INFO] 23:33:42:740 memoria/(7638:7659): [CPU] Dato '12' leido en marco 7
[INFO] 23:33:43:241 memoria/(7638:7659): [CPU] Procesando solicitud de nro tabla de 2do nivel...
[INFO] 23:33:43:241 memoria/(7638:7659): [CPU] Tabla : 2 - Index: 0 - PID: 3 - Resultado: 4
[INFO] 23:33:43:741 memoria/(7638:7659): [CPU] Procesando solicitud de nro marco...
[INFO] 23:33:43:741 memoria/(7638:7659): [CPU] PAGE FAULT!!!
[INFO] 23:33:44:742 memoria/(7638:7659): [CPU] Reemplazo por CLOCK-M
[INFO] 23:33:44:743 memoria/(7638:7659): [CPU] Pagina victima elegida: 4
[INFO] 23:33:44:743 memoria/(7638:7659): [CPU] Posición final puntero: 1
[INFO] 23:33:44:743 memoria/(7638:7659): [CPU] Numero de marco obtenido = 0
[INFO] 23:33:45:243 memoria/(7638:7659): [CPU] Procesando lectura...
[INFO] 23:33:45:244 memoria/(7638:7659): [CPU] Dato '22' leido en marco 0
[INFO] 23:33:45:744 memoria/(7638:7659): [CPU] Procesando solicitud de nro tabla de 2do nivel...
[INFO] 23:33:45:744 memoria/(7638:7659): [CPU] Tabla : 2 - Index: 0 - PID: 3 - Resultado: 4
[INFO] 23:33:46:245 memoria/(7638:7659): [CPU] Procesando solicitud de nro marco...
[INFO] 23:33:46:245 memoria/(7638:7659): [CPU] PAGE FAULT!!!
[INFO] 23:33:47:246 memoria/(7638:7659): [CPU] Reemplazo por CLOCK-M
[INFO] 23:33:47:246 memoria/(7638:7659): [CPU] Pagina victima elegida: 5
[INFO] 23:33:47:246 memoria/(7638:7659): [CPU] Posición final puntero: 2
[INFO] 23:33:47:246 memoria/(7638:7659): [CPU] Numero de marco obtenido = 1
[INFO] 23:33:47:747 memoria/(7638:7659): [CPU] Procesando lectura...
[INFO] 23:33:47:747 memoria/(7638:7659): [CPU] Dato '32' leido en marco 1
[INFO] 23:33:48:248 memoria/(7638:7659): [CPU] Procesando solicitud de nro tabla de 2do nivel...
[INFO] 23:33:48:249 memoria/(7638:7659): [CPU] Tabla : 2 - Index: 1 - PID: 3 - Resultado: 5
[INFO] 23:33:48:749 memoria/(7638:7659): [CPU] Procesando solicitud de nro marco...
[INFO] 23:33:48:749 memoria/(7638:7659): [CPU] PAGE FAULT!!!
[INFO] 23:33:49:750 memoria/(7638:7659): [CPU] Reemplazo por CLOCK-M
[INFO] 23:33:49:750 memoria/(7638:7659): [CPU] Pagina victima elegida: 0
[INFO] 23:33:49:750 memoria/(7638:7659): [CPU] Posición final puntero: 3
[INFO] 23:33:49:750 memoria/(7638:7659): [CPU] Numero de marco obtenido = 6
[INFO] 23:33:50:251 memoria/(7638:7659): [CPU] Procesando lectura...
[INFO] 23:33:50:251 memoria/(7638:7659): [CPU] Dato '42' leido en marco 6
[INFO] 23:33:50:752 memoria/(7638:7659): [CPU] Procesando solicitud de nro tabla de 2do nivel...
[INFO] 23:33:50:752 memoria/(7638:7659): [CPU] Tabla : 2 - Index: 1 - PID: 3 - Resultado: 5
[INFO] 23:33:51:252 memoria/(7638:7659): [CPU] Procesando solicitud de nro marco...
[INFO] 23:33:51:252 memoria/(7638:7659): [CPU] PAGE FAULT!!!
[INFO] 23:33:52:253 memoria/(7638:7659): [CPU] Reemplazo por CLOCK-M
[INFO] 23:33:52:253 memoria/(7638:7659): [CPU] Pagina victima elegida: 1
[INFO] 23:33:52:253 memoria/(7638:7659): [CPU] Posición final puntero: 0
[INFO] 23:33:52:253 memoria/(7638:7659): [CPU] Numero de marco obtenido = 7
[INFO] 23:33:52:754 memoria/(7638:7659): [CPU] Procesando lectura...
[INFO] 23:33:52:754 memoria/(7638:7659): [CPU] Dato '52' leido en marco 7
[INFO] 23:33:54:270 memoria/(7638:7658): [KERNEL] Eliminando tablas del proceso 3
[INFO] 23:33:54:270 memoria/(7638:7658): Archivo /home/utnso/swap/3.swap eliminado.
[INFO] 23:33:54:475 memoria/(7638:7659): [CPU] Procesando solicitud de nro tabla de 2do nivel...
[INFO] 23:33:54:475 memoria/(7638:7659): [CPU] Tabla : 4 - Index: 0 - PID: 5 - Resultado: 8
[INFO] 23:33:54:976 memoria/(7638:7659): [CPU] Procesando solicitud de nro marco...
[INFO] 23:33:54:976 memoria/(7638:7659): [CPU] PAGE FAULT!!!
[INFO] 23:33:55:976 memoria/(7638:7659): [CPU] El proceso tiene marcos disponibles :)
[INFO] 23:33:55:977 memoria/(7638:7659): [CPU] Numero de marco obtenido = 0
[INFO] 23:33:56:477 memoria/(7638:7659): [CPU] Procesando escritura...
[INFO] 23:33:56:478 memoria/(7638:7659): [CPU] Dato escrito: '1' (nro_marco = 0, desplazamiento = 0)
