[ERROR] 16:45:36:103 CONSOLA/(6175:6175): Uso incorrecto :(
	Ejemplo: ./a.out un_tamanio ruta_de_pseudocodigo
[INFO] 16:46:18:978 CONSOLA/(6378:6378): Instruccion numero 0: N -1 -1
[INFO] 16:46:18:978 CONSOLA/(6378:6378): Instruccion numero 1: N -1 -1
[INFO] 16:46:18:978 CONSOLA/(6378:6378): Instruccion numero 2: N -1 -1
[INFO] 16:46:18:978 CONSOLA/(6378:6378): Instruccion numero 3: N -1 -1
[INFO] 16:46:18:978 CONSOLA/(6378:6378): Instruccion numero 4: N -1 -1
[INFO] 16:46:18:978 CONSOLA/(6378:6378): Instruccion numero 5: N -1 -1
[INFO] 16:46:18:979 CONSOLA/(6378:6378): Instruccion numero 6: N -1 -1
[INFO] 16:46:18:979 CONSOLA/(6378:6378): Instruccion numero 7: N -1 -1
[INFO] 16:46:18:979 CONSOLA/(6378:6378): Instruccion numero 8: N -1 -1
[INFO] 16:46:18:979 CONSOLA/(6378:6378): Instruccion numero 9: N -1 -1
[INFO] 16:46:18:979 CONSOLA/(6378:6378): Instruccion numero 10: W 0 1
[INFO] 16:46:18:979 CONSOLA/(6378:6378): Instruccion numero 11: N -1 -1
[INFO] 16:46:18:979 CONSOLA/(6378:6378): Instruccion numero 12: N -1 -1
[INFO] 16:46:18:979 CONSOLA/(6378:6378): Instruccion numero 13: W 4 2
[INFO] 16:46:18:979 CONSOLA/(6378:6378): Instruccion numero 14: N -1 -1
[INFO] 16:46:18:979 CONSOLA/(6378:6378): Instruccion numero 15: N -1 -1
[INFO] 16:46:18:979 CONSOLA/(6378:6378): Instruccion numero 16: W 8 3
[INFO] 16:46:18:979 CONSOLA/(6378:6378): Instruccion numero 17: N -1 -1
[INFO] 16:46:18:979 CONSOLA/(6378:6378): Instruccion numero 18: N -1 -1
[INFO] 16:46:18:979 CONSOLA/(6378:6378): Instruccion numero 19: W 12 4
[INFO] 16:46:18:979 CONSOLA/(6378:6378): Instruccion numero 20: N -1 -1
[INFO] 16:46:18:979 CONSOLA/(6378:6378): Instruccion numero 21: N -1 -1
[INFO] 16:46:18:979 CONSOLA/(6378:6378): Instruccion numero 22: W 16 5
[INFO] 16:46:18:979 CONSOLA/(6378:6378): Instruccion numero 23: N -1 -1
[INFO] 16:46:18:979 CONSOLA/(6378:6378): Instruccion numero 24: N -1 -1
[INFO] 16:46:18:979 CONSOLA/(6378:6378): Instruccion numero 25: W 256 11
[INFO] 16:46:18:979 CONSOLA/(6378:6378): Instruccion numero 26: N -1 -1
[INFO] 16:46:18:980 CONSOLA/(6378:6378): Instruccion numero 27: N -1 -1
[INFO] 16:46:18:980 CONSOLA/(6378:6378): Instruccion numero 28: W 260 12
[INFO] 16:46:18:980 CONSOLA/(6378:6378): Instruccion numero 29: N -1 -1
[INFO] 16:46:18:980 CONSOLA/(6378:6378): Instruccion numero 30: N -1 -1
[INFO] 16:46:18:980 CONSOLA/(6378:6378): Instruccion numero 31: W 264 13
[INFO] 16:46:18:980 CONSOLA/(6378:6378): Instruccion numero 32: N -1 -1
[INFO] 16:46:18:980 CONSOLA/(6378:6378): Instruccion numero 33: N -1 -1
[INFO] 16:46:18:980 CONSOLA/(6378:6378): Instruccion numero 34: W 268 14
[INFO] 16:46:18:980 CONSOLA/(6378:6378): Instruccion numero 35: N -1 -1
[INFO] 16:46:18:980 CONSOLA/(6378:6378): Instruccion numero 36: N -1 -1
[INFO] 16:46:18:980 CONSOLA/(6378:6378): Instruccion numero 37: W 272 15
[INFO] 16:46:18:980 CONSOLA/(6378:6378): Instruccion numero 38: N -1 -1
[INFO] 16:46:18:980 CONSOLA/(6378:6378): Instruccion numero 39: N -1 -1
[INFO] 16:46:18:980 CONSOLA/(6378:6378): Instruccion numero 40: W 512 21
[INFO] 16:46:18:980 CONSOLA/(6378:6378): Instruccion numero 41: N -1 -1
[INFO] 16:46:18:980 CONSOLA/(6378:6378): Instruccion numero 42: N -1 -1
[INFO] 16:46:18:980 CONSOLA/(6378:6378): Instruccion numero 43: W 516 22
[INFO] 16:46:18:980 CONSOLA/(6378:6378): Instruccion numero 44: N -1 -1
[INFO] 16:46:18:980 CONSOLA/(6378:6378): Instruccion numero 45: N -1 -1
[INFO] 16:46:18:980 CONSOLA/(6378:6378): Instruccion numero 46: W 520 23
[INFO] 16:46:18:981 CONSOLA/(6378:6378): Instruccion numero 47: N -1 -1
[INFO] 16:46:18:981 CONSOLA/(6378:6378): Instruccion numero 48: N -1 -1
[INFO] 16:46:18:981 CONSOLA/(6378:6378): Instruccion numero 49: W 524 24
[INFO] 16:46:18:981 CONSOLA/(6378:6378): Instruccion numero 50: N -1 -1
[INFO] 16:46:18:981 CONSOLA/(6378:6378): Instruccion numero 51: N -1 -1
[INFO] 16:46:18:981 CONSOLA/(6378:6378): Instruccion numero 52: W 528 25
[INFO] 16:46:18:981 CONSOLA/(6378:6378): Instruccion numero 53: N -1 -1
[INFO] 16:46:18:981 CONSOLA/(6378:6378): Instruccion numero 54: N -1 -1
[INFO] 16:46:18:981 CONSOLA/(6378:6378): Instruccion numero 55: N -1 -1
[INFO] 16:46:18:981 CONSOLA/(6378:6378): Instruccion numero 56: N -1 -1
[INFO] 16:46:18:981 CONSOLA/(6378:6378): Instruccion numero 57: N -1 -1
[INFO] 16:46:18:981 CONSOLA/(6378:6378): Instruccion numero 58: N -1 -1
[INFO] 16:46:18:981 CONSOLA/(6378:6378): Instruccion numero 59: N -1 -1
[INFO] 16:46:18:981 CONSOLA/(6378:6378): Instruccion numero 60: N -1 -1
[INFO] 16:46:18:981 CONSOLA/(6378:6378): Instruccion numero 61: N -1 -1
[INFO] 16:46:18:981 CONSOLA/(6378:6378): Instruccion numero 62: N -1 -1
[INFO] 16:46:18:981 CONSOLA/(6378:6378): Instruccion numero 63: I 5000 -1
[INFO] 16:46:18:981 CONSOLA/(6378:6378): Instruccion numero 64: N -1 -1
[INFO] 16:46:18:981 CONSOLA/(6378:6378): Instruccion numero 65: N -1 -1
[INFO] 16:46:18:981 CONSOLA/(6378:6378): Instruccion numero 66: N -1 -1
[INFO] 16:46:18:981 CONSOLA/(6378:6378): Instruccion numero 67: N -1 -1
[INFO] 16:46:18:981 CONSOLA/(6378:6378): Instruccion numero 68: N -1 -1
[INFO] 16:46:18:981 CONSOLA/(6378:6378): Instruccion numero 69: N -1 -1
[INFO] 16:46:18:981 CONSOLA/(6378:6378): Instruccion numero 70: N -1 -1
[INFO] 16:46:18:981 CONSOLA/(6378:6378): Instruccion numero 71: N -1 -1
[INFO] 16:46:18:981 CONSOLA/(6378:6378): Instruccion numero 72: N -1 -1
[INFO] 16:46:18:981 CONSOLA/(6378:6378): Instruccion numero 73: N -1 -1
[INFO] 16:46:18:981 CONSOLA/(6378:6378): Instruccion numero 74: R 0 -1
[INFO] 16:46:18:981 CONSOLA/(6378:6378): Instruccion numero 75: N -1 -1
[INFO] 16:46:18:981 CONSOLA/(6378:6378): Instruccion numero 76: N -1 -1
[INFO] 16:46:18:981 CONSOLA/(6378:6378): Instruccion numero 77: R 4 -1
[INFO] 16:46:18:981 CONSOLA/(6378:6378): Instruccion numero 78: N -1 -1
[INFO] 16:46:18:981 CONSOLA/(6378:6378): Instruccion numero 79: N -1 -1
[INFO] 16:46:18:981 CONSOLA/(6378:6378): Instruccion numero 80: R 8 -1
[INFO] 16:46:18:981 CONSOLA/(6378:6378): Instruccion numero 81: N -1 -1
[INFO] 16:46:18:981 CONSOLA/(6378:6378): Instruccion numero 82: N -1 -1
[INFO] 16:46:18:981 CONSOLA/(6378:6378): Instruccion numero 83: R 12 -1
[INFO] 16:46:18:981 CONSOLA/(6378:6378): Instruccion numero 84: N -1 -1
[INFO] 16:46:18:981 CONSOLA/(6378:6378): Instruccion numero 85: N -1 -1
[INFO] 16:46:18:982 CONSOLA/(6378:6378): Instruccion numero 86: R 16 -1
[INFO] 16:46:18:982 CONSOLA/(6378:6378): Instruccion numero 87: N -1 -1
[INFO] 16:46:18:982 CONSOLA/(6378:6378): Instruccion numero 88: N -1 -1
[INFO] 16:46:18:982 CONSOLA/(6378:6378): Instruccion numero 89: R 256 -1
[INFO] 16:46:18:982 CONSOLA/(6378:6378): Instruccion numero 90: N -1 -1
[INFO] 16:46:18:982 CONSOLA/(6378:6378): Instruccion numero 91: N -1 -1
[INFO] 16:46:18:982 CONSOLA/(6378:6378): Instruccion numero 92: R 260 -1
[INFO] 16:46:18:982 CONSOLA/(6378:6378): Instruccion numero 93: N -1 -1
[INFO] 16:46:18:982 CONSOLA/(6378:6378): Instruccion numero 94: N -1 -1
[INFO] 16:46:18:982 CONSOLA/(6378:6378): Instruccion numero 95: R 264 -1
[INFO] 16:46:18:982 CONSOLA/(6378:6378): Instruccion numero 96: N -1 -1
[INFO] 16:46:18:982 CONSOLA/(6378:6378): Instruccion numero 97: N -1 -1
[INFO] 16:46:18:982 CONSOLA/(6378:6378): Instruccion numero 98: R 268 -1
[INFO] 16:46:18:982 CONSOLA/(6378:6378): Instruccion numero 99: N -1 -1
[INFO] 16:46:18:982 CONSOLA/(6378:6378): Instruccion numero 100: N -1 -1
[INFO] 16:46:18:982 CONSOLA/(6378:6378): Instruccion numero 101: R 272 -1
[INFO] 16:46:18:982 CONSOLA/(6378:6378): Instruccion numero 102: N -1 -1
[INFO] 16:46:18:982 CONSOLA/(6378:6378): Instruccion numero 103: N -1 -1
[INFO] 16:46:18:982 CONSOLA/(6378:6378): Instruccion numero 104: R 512 -1
[INFO] 16:46:18:982 CONSOLA/(6378:6378): Instruccion numero 105: N -1 -1
[INFO] 16:46:18:982 CONSOLA/(6378:6378): Instruccion numero 106: N -1 -1
[INFO] 16:46:18:982 CONSOLA/(6378:6378): Instruccion numero 107: R 516 -1
[INFO] 16:46:18:982 CONSOLA/(6378:6378): Instruccion numero 108: N -1 -1
[INFO] 16:46:18:982 CONSOLA/(6378:6378): Instruccion numero 109: N -1 -1
[INFO] 16:46:18:982 CONSOLA/(6378:6378): Instruccion numero 110: R 520 -1
[INFO] 16:46:18:982 CONSOLA/(6378:6378): Instruccion numero 111: N -1 -1
[INFO] 16:46:18:982 CONSOLA/(6378:6378): Instruccion numero 112: N -1 -1
[INFO] 16:46:18:982 CONSOLA/(6378:6378): Instruccion numero 113: R 524 -1
[INFO] 16:46:18:982 CONSOLA/(6378:6378): Instruccion numero 114: N -1 -1
[INFO] 16:46:18:982 CONSOLA/(6378:6378): Instruccion numero 115: N -1 -1
[INFO] 16:46:18:982 CONSOLA/(6378:6378): Instruccion numero 116: R 528 -1
[INFO] 16:46:18:982 CONSOLA/(6378:6378): Instruccion numero 117: N -1 -1
[INFO] 16:46:18:982 CONSOLA/(6378:6378): Instruccion numero 118: N -1 -1
[INFO] 16:46:18:982 CONSOLA/(6378:6378): Instruccion numero 119: N -1 -1
[INFO] 16:46:18:982 CONSOLA/(6378:6378): Instruccion numero 120: N -1 -1
[INFO] 16:46:18:982 CONSOLA/(6378:6378): Instruccion numero 121: N -1 -1
[INFO] 16:46:18:982 CONSOLA/(6378:6378): Instruccion numero 122: N -1 -1
[INFO] 16:46:18:982 CONSOLA/(6378:6378): Instruccion numero 123: N -1 -1
[INFO] 16:46:18:982 CONSOLA/(6378:6378): Instruccion numero 124: N -1 -1
[INFO] 16:46:18:982 CONSOLA/(6378:6378): Instruccion numero 125: N -1 -1
[INFO] 16:46:18:982 CONSOLA/(6378:6378): Instruccion numero 126: N -1 -1
[INFO] 16:46:18:982 CONSOLA/(6378:6378): Instruccion numero 127: E -1 -1
[INFO] 16:46:18:983 CONSOLA/(6378:6378): Cliente conectado en 127.0.0.1:8000 (a KERNEL)
[INFO] 16:46:18:983 CONSOLA/(6378:6378): Programa enviado al kernel correctamente!
[INFO] 16:47:00:694 CONSOLA/(6378:6378): El proceso se finalizó exitosamente :)
