12:55:57 **** Incremental Build of configuration Debug for project consola ****
make all 
Building file: ../src/consola_main.c
Invoking: GCC C Compiler
gcc -O0 -g3 -Wall -c -fmessage-length=0 -MMD -MP -MF"src/consola_main.d" -MT"src/consola_main.o" -o "src/consola_main.o" "../src/consola_main.c"
In file included from ../src/consola_main.h:11:0,
                 from ../src/consola_main.c:1:
../src/../../shared/src/protocol.c: In function ‘deserializar_programa’:
../src/../../shared/src/protocol.c:74:24: warning: passing argument 1 of ‘string_array_push’ from incompatible pointer type [-Wincompatible-pointer-types]
      string_array_push(instrucciones, r_instruccion);
                        ^
In file included from ../src/consola_main.h:7:0,
                 from ../src/consola_main.c:1:
/usr/include/commons/string.h:281:10: note: expected ‘char ***’ but argument is of type ‘char **’
  void    string_array_push(char*** array, char* text);
          ^
Finished building: ../src/consola_main.c
 
Building target: consola
Invoking: GCC C Linker
gcc  -o "consola"  ./src/consola_main.o ./src/parser.o   -lcommons
Finished building target: consola
 

12:55:59 Build Finished (took 1s.752ms)

