11:14:53 **** Incremental Build of configuration Debug for project cpu ****
make all 
Building file: ../src/cpu_main.c
Invoking: GCC C Compiler
gcc -I"/home/utnso/tp-2022-1c-Octocats/shared/src" -O0 -g3 -Wall -c -fmessage-length=0 -MMD -MP -MF"src/cpu_main.d" -MT"src/cpu_main.o" -o "src/cpu_main.o" "../src/cpu_main.c"
In file included from ../src/cpu_main.h:14:0,
                 from ../src/cpu_main.c:1:
/home/utnso/tp-2022-1c-Octocats/shared/src/protocol.h:32:14: warning: ‘serializar_programa’ declared ‘static’ but never defined [-Wunused-function]
 static void* serializar_programa(size_t* size, t_list* instrucciones, uint16_t tamanio);
              ^
/home/utnso/tp-2022-1c-Octocats/shared/src/protocol.h:33:13: warning: ‘deserializar_programa’ declared ‘static’ but never defined [-Wunused-function]
 static void deserializar_programa(void* stream, t_list* instrucciones, uint16_t* tamanio);
             ^
/home/utnso/tp-2022-1c-Octocats/shared/src/protocol.h:37:14: warning: ‘serializar_proceso’ declared ‘static’ but never defined [-Wunused-function]
 static void* serializar_proceso(size_t* size, PCB_t* proceso, op_code codigo);
              ^
/home/utnso/tp-2022-1c-Octocats/shared/src/protocol.h:39:13: warning: ‘deserializar_proceso’ declared ‘static’ but never defined [-Wunused-function]
 static void deserializar_proceso(void* stream, PCB_t* proceso);
             ^
/home/utnso/tp-2022-1c-Octocats/shared/src/protocol.h:43:14: warning: ‘serializar_solicitud’ declared ‘static’ but never defined [-Wunused-function]
 static void* serializar_solicitud(uint32_t tamanio, uint16_t pid);
              ^
/home/utnso/tp-2022-1c-Octocats/shared/src/protocol.h:48:14: warning: ‘serializar_eliminar_estructuras’ declared ‘static’ but never defined [-Wunused-function]
 static void* serializar_eliminar_estructuras(uint32_t tabla_paginas, uint16_t pid);
              ^
/home/utnso/tp-2022-1c-Octocats/shared/src/protocol.h:53:14: warning: ‘serializar_suspender_proceso’ declared ‘static’ but never defined [-Wunused-function]
 static void* serializar_suspender_proceso(uint16_t pid, uint32_t tabla_paginas);
              ^
Finished building: ../src/cpu_main.c
 
Building target: cpu
Invoking: GCC C Linker
gcc -L"/home/utnso/tp-2022-1c-Octocats/shared/Debug" -o "cpu"  ./src/cpu_main.o   -lcommons -lshared -lpthread
Finished building target: cpu
 

11:14:56 Build Finished (took 2s.643ms)

