13:03:21 **** Build of configuration Debug for project shared ****
make all 
Building file: ../src/protocol.c
Invoking: Cross GCC Compiler
gcc -O0 -g3 -Wall -c -fmessage-length=0 -fPIC -MMD -MP -MF"src/protocol.d" -MT"src/protocol.o" -o "src/protocol.o" "../src/protocol.c"
Finished building: ../src/protocol.c
 
Building target: libshared.so
Invoking: Cross GCC Linker
gcc -shared -o "libshared.so"  ./src/pcb.o ./src/protocol.o ./src/sockets.o   -lcommons
Finished building target: libshared.so
 
13:03:26 **** Build of configuration Debug for project consola ****
make all 
Building target: consola
Invoking: GCC C Linker
gcc -L"/home/utnso/tp-2022-1c-Octocats/shared/Debug" -o "consola"  ./src/consola_main.o ./src/parser.o   -lcommons -lshared
Finished building target: consola
 
13:03:27 **** Build of configuration Debug for project cpu ****
make all 
Building target: cpu
Invoking: GCC C Linker
gcc -L"/home/utnso/tp-2022-1c-Octocats/shared/Debug" -o "cpu"  ./src/cpu_main.o   -lcommons -lshared -lpthread
Finished building target: cpu
 
13:03:28 **** Build of configuration Debug for project kernel ****
make all 
Building target: kernel
Invoking: GCC C Linker
gcc -L"/home/utnso/tp-2022-1c-Octocats/shared/Debug" -o "kernel"  ./src/kernel_main.o ./src/kernel_utils.o   -lcommons -lshared -lpthread
Finished building target: kernel
 
13:03:29 **** Build of configuration Debug for project memoria ****
make all 
Building target: memoria
Invoking: GCC C Linker
gcc -L"/home/utnso/tp-2022-1c-Octocats/shared/Debug" -o "memoria"  ./src/memoria_main.o ./src/memoria_swap.o ./src/memoria_utils.o   -lcommons -lpthread -lshared
Finished building target: memoria
 
13:03:31 **** Incremental Build of configuration Debug for project shared ****
make all 
make: Nothing to be done for 'all'.
13:03:53 **** Incremental Build of configuration Debug for project consola ****
make all 
make: Nothing to be done for 'all'.
13:03:54 **** Incremental Build of configuration Debug for project cpu ****
make all 
make: Nothing to be done for 'all'.
13:03:55 **** Incremental Build of configuration Debug for project kernel ****
make all 
make: Nothing to be done for 'all'.
13:03:56 **** Incremental Build of configuration Debug for project memoria ****
make all 
make: Nothing to be done for 'all'.
13:03:58 **** Incremental Build of configuration Debug for project shared ****
make all 
make: Nothing to be done for 'all'.
